[2022-09-05T21:47:32.379-0300] {processor.py:153} INFO - Started process (PID=9025) to work on /home/debian/datapipelines/airflow/dags/leroy_ecoomerce_dag.py
[2022-09-05T21:47:32.380-0300] {processor.py:640} INFO - Processing file /home/debian/datapipelines/airflow/dags/leroy_ecoomerce_dag.py for tasks to queue
[2022-09-05T21:47:32.380-0300] {logging_mixin.py:115} INFO - [2022-09-05T21:47:32.380-0300] {dagbag.py:508} INFO - Filling up the DagBag from /home/debian/datapipelines/airflow/dags/leroy_ecoomerce_dag.py
[2022-09-05T21:47:32.421-0300] {processor.py:650} INFO - DAG(s) dict_keys(['leroy_prices']) retrieved from /home/debian/datapipelines/airflow/dags/leroy_ecoomerce_dag.py
[2022-09-05T21:47:32.582-0300] {logging_mixin.py:115} INFO - [2022-09-05T21:47:32.582-0300] {manager.py:508} INFO - Created Permission View: can edit on DAG:leroy_prices
[2022-09-05T21:47:32.593-0300] {logging_mixin.py:115} INFO - [2022-09-05T21:47:32.592-0300] {manager.py:508} INFO - Created Permission View: can read on DAG:leroy_prices
[2022-09-05T21:47:32.599-0300] {logging_mixin.py:115} INFO - [2022-09-05T21:47:32.599-0300] {manager.py:508} INFO - Created Permission View: can delete on DAG:leroy_prices
[2022-09-05T21:47:32.600-0300] {logging_mixin.py:115} INFO - [2022-09-05T21:47:32.599-0300] {dag.py:2429} INFO - Sync 1 DAGs
[2022-09-05T21:47:32.606-0300] {logging_mixin.py:115} INFO - [2022-09-05T21:47:32.606-0300] {dag.py:2448} INFO - Creating ORM DAG for leroy_prices
[2022-09-05T21:47:32.613-0300] {logging_mixin.py:115} INFO - [2022-09-05T21:47:32.613-0300] {dag.py:2977} INFO - Setting next_dagrun for leroy_prices to 2022-09-05T00:47:32.613374+00:00, run_after=2022-09-06T00:47:32.613374+00:00
[2022-09-05T21:47:32.628-0300] {processor.py:161} INFO - Processing /home/debian/datapipelines/airflow/dags/leroy_ecoomerce_dag.py took 0.252 seconds
[2022-09-05T21:48:10.525-0300] {processor.py:153} INFO - Started process (PID=9076) to work on /home/debian/datapipelines/airflow/dags/leroy_ecoomerce_dag.py
[2022-09-05T21:48:10.526-0300] {processor.py:640} INFO - Processing file /home/debian/datapipelines/airflow/dags/leroy_ecoomerce_dag.py for tasks to queue
[2022-09-05T21:48:10.526-0300] {logging_mixin.py:115} INFO - [2022-09-05T21:48:10.526-0300] {dagbag.py:508} INFO - Filling up the DagBag from /home/debian/datapipelines/airflow/dags/leroy_ecoomerce_dag.py
[2022-09-05T21:48:10.561-0300] {processor.py:650} INFO - DAG(s) dict_keys(['leroy_prices']) retrieved from /home/debian/datapipelines/airflow/dags/leroy_ecoomerce_dag.py
[2022-09-05T21:48:10.570-0300] {logging_mixin.py:115} INFO - [2022-09-05T21:48:10.570-0300] {dag.py:2429} INFO - Sync 1 DAGs
[2022-09-05T21:48:10.585-0300] {logging_mixin.py:115} INFO - [2022-09-05T21:48:10.585-0300] {dag.py:2977} INFO - Setting next_dagrun for leroy_prices to 2022-09-05T00:48:10.584957+00:00, run_after=2022-09-06T00:48:10.584957+00:00
[2022-09-05T21:48:10.599-0300] {processor.py:161} INFO - Processing /home/debian/datapipelines/airflow/dags/leroy_ecoomerce_dag.py took 0.076 seconds
[2022-09-05T21:48:41.750-0300] {processor.py:153} INFO - Started process (PID=9130) to work on /home/debian/datapipelines/airflow/dags/leroy_ecoomerce_dag.py
[2022-09-05T21:48:41.751-0300] {processor.py:640} INFO - Processing file /home/debian/datapipelines/airflow/dags/leroy_ecoomerce_dag.py for tasks to queue
[2022-09-05T21:48:41.751-0300] {logging_mixin.py:115} INFO - [2022-09-05T21:48:41.751-0300] {dagbag.py:508} INFO - Filling up the DagBag from /home/debian/datapipelines/airflow/dags/leroy_ecoomerce_dag.py
[2022-09-05T21:48:41.785-0300] {processor.py:650} INFO - DAG(s) dict_keys(['leroy_prices']) retrieved from /home/debian/datapipelines/airflow/dags/leroy_ecoomerce_dag.py
[2022-09-05T21:48:41.795-0300] {logging_mixin.py:115} INFO - [2022-09-05T21:48:41.795-0300] {dag.py:2429} INFO - Sync 1 DAGs
[2022-09-05T21:48:41.808-0300] {logging_mixin.py:115} INFO - [2022-09-05T21:48:41.808-0300] {dag.py:2977} INFO - Setting next_dagrun for leroy_prices to 2022-09-05T00:48:41.808159+00:00, run_after=2022-09-06T00:48:41.808159+00:00
[2022-09-05T21:48:41.817-0300] {processor.py:161} INFO - Processing /home/debian/datapipelines/airflow/dags/leroy_ecoomerce_dag.py took 0.069 seconds
[2022-09-05T21:49:11.203-0300] {processor.py:153} INFO - Started process (PID=9192) to work on /home/debian/datapipelines/airflow/dags/leroy_ecoomerce_dag.py
[2022-09-05T21:49:11.213-0300] {processor.py:640} INFO - Processing file /home/debian/datapipelines/airflow/dags/leroy_ecoomerce_dag.py for tasks to queue
[2022-09-05T21:49:11.214-0300] {logging_mixin.py:115} INFO - [2022-09-05T21:49:11.214-0300] {dagbag.py:508} INFO - Filling up the DagBag from /home/debian/datapipelines/airflow/dags/leroy_ecoomerce_dag.py
[2022-09-05T21:49:11.253-0300] {processor.py:650} INFO - DAG(s) dict_keys(['leroy_prices']) retrieved from /home/debian/datapipelines/airflow/dags/leroy_ecoomerce_dag.py
[2022-09-05T21:49:11.261-0300] {processor.py:370} INFO - Running SLA Checks for leroy_prices
[2022-09-05T21:49:11.282-0300] {logging_mixin.py:115} INFO - [2022-09-05T21:49:11.282-0300] {dag.py:2429} INFO - Sync 1 DAGs
[2022-09-05T21:49:11.289-0300] {logging_mixin.py:115} INFO - [2022-09-05T21:49:11.289-0300] {dag.py:2977} INFO - Setting next_dagrun for leroy_prices to 2022-09-06T00:48:41.808159+00:00, run_after=2022-09-07T00:48:41.808159+00:00
[2022-09-05T21:49:11.298-0300] {processor.py:161} INFO - Processing /home/debian/datapipelines/airflow/dags/leroy_ecoomerce_dag.py took 0.097 seconds
[2022-09-05T21:49:11.424-0300] {processor.py:153} INFO - Started process (PID=9193) to work on /home/debian/datapipelines/airflow/dags/leroy_ecoomerce_dag.py
[2022-09-05T21:49:11.425-0300] {processor.py:640} INFO - Processing file /home/debian/datapipelines/airflow/dags/leroy_ecoomerce_dag.py for tasks to queue
[2022-09-05T21:49:11.426-0300] {logging_mixin.py:115} INFO - [2022-09-05T21:49:11.426-0300] {dagbag.py:508} INFO - Filling up the DagBag from /home/debian/datapipelines/airflow/dags/leroy_ecoomerce_dag.py
[2022-09-05T21:49:11.465-0300] {processor.py:650} INFO - DAG(s) dict_keys(['leroy_prices']) retrieved from /home/debian/datapipelines/airflow/dags/leroy_ecoomerce_dag.py
[2022-09-05T21:49:11.474-0300] {processor.py:370} INFO - Running SLA Checks for leroy_prices
[2022-09-05T21:49:11.504-0300] {logging_mixin.py:115} INFO - [2022-09-05T21:49:11.503-0300] {dag.py:2429} INFO - Sync 1 DAGs
[2022-09-05T21:49:11.511-0300] {logging_mixin.py:115} INFO - [2022-09-05T21:49:11.511-0300] {dag.py:2977} INFO - Setting next_dagrun for leroy_prices to 2022-09-06T00:48:41.808159+00:00, run_after=2022-09-07T00:48:41.808159+00:00
[2022-09-05T21:49:11.533-0300] {processor.py:161} INFO - Processing /home/debian/datapipelines/airflow/dags/leroy_ecoomerce_dag.py took 0.112 seconds
[2022-09-05T21:49:45.797-0300] {processor.py:153} INFO - Started process (PID=9238) to work on /home/debian/datapipelines/airflow/dags/leroy_ecoomerce_dag.py
[2022-09-05T21:49:45.798-0300] {processor.py:640} INFO - Processing file /home/debian/datapipelines/airflow/dags/leroy_ecoomerce_dag.py for tasks to queue
[2022-09-05T21:49:45.799-0300] {logging_mixin.py:115} INFO - [2022-09-05T21:49:45.798-0300] {dagbag.py:508} INFO - Filling up the DagBag from /home/debian/datapipelines/airflow/dags/leroy_ecoomerce_dag.py
[2022-09-05T21:49:45.855-0300] {processor.py:650} INFO - DAG(s) dict_keys(['leroy_prices']) retrieved from /home/debian/datapipelines/airflow/dags/leroy_ecoomerce_dag.py
[2022-09-05T21:49:45.874-0300] {logging_mixin.py:115} INFO - [2022-09-05T21:49:45.874-0300] {dag.py:2429} INFO - Sync 1 DAGs
[2022-09-05T21:49:45.899-0300] {logging_mixin.py:115} INFO - [2022-09-05T21:49:45.898-0300] {dag.py:2977} INFO - Setting next_dagrun for leroy_prices to 2022-09-06T00:48:41.808159+00:00, run_after=2022-09-07T00:48:41.808159+00:00
[2022-09-05T21:49:45.920-0300] {processor.py:161} INFO - Processing /home/debian/datapipelines/airflow/dags/leroy_ecoomerce_dag.py took 0.126 seconds
[2022-09-05T21:50:18.131-0300] {processor.py:153} INFO - Started process (PID=9328) to work on /home/debian/datapipelines/airflow/dags/leroy_ecoomerce_dag.py
[2022-09-05T21:50:18.132-0300] {processor.py:640} INFO - Processing file /home/debian/datapipelines/airflow/dags/leroy_ecoomerce_dag.py for tasks to queue
[2022-09-05T21:50:18.133-0300] {logging_mixin.py:115} INFO - [2022-09-05T21:50:18.132-0300] {dagbag.py:508} INFO - Filling up the DagBag from /home/debian/datapipelines/airflow/dags/leroy_ecoomerce_dag.py
[2022-09-05T21:50:18.168-0300] {processor.py:650} INFO - DAG(s) dict_keys(['leroy_prices']) retrieved from /home/debian/datapipelines/airflow/dags/leroy_ecoomerce_dag.py
[2022-09-05T21:50:18.179-0300] {logging_mixin.py:115} INFO - [2022-09-05T21:50:18.179-0300] {dag.py:2429} INFO - Sync 1 DAGs
[2022-09-05T21:50:18.192-0300] {logging_mixin.py:115} INFO - [2022-09-05T21:50:18.192-0300] {dag.py:2977} INFO - Setting next_dagrun for leroy_prices to 2022-09-06T00:48:41.808159+00:00, run_after=2022-09-07T00:48:41.808159+00:00
[2022-09-05T21:50:18.315-0300] {processor.py:161} INFO - Processing /home/debian/datapipelines/airflow/dags/leroy_ecoomerce_dag.py took 0.187 seconds
[2022-09-05T21:50:51.761-0300] {processor.py:153} INFO - Started process (PID=9411) to work on /home/debian/datapipelines/airflow/dags/leroy_ecoomerce_dag.py
[2022-09-05T21:50:51.779-0300] {processor.py:640} INFO - Processing file /home/debian/datapipelines/airflow/dags/leroy_ecoomerce_dag.py for tasks to queue
[2022-09-05T21:50:51.779-0300] {logging_mixin.py:115} INFO - [2022-09-05T21:50:51.779-0300] {dagbag.py:508} INFO - Filling up the DagBag from /home/debian/datapipelines/airflow/dags/leroy_ecoomerce_dag.py
[2022-09-05T21:50:51.818-0300] {processor.py:650} INFO - DAG(s) dict_keys(['leroy_prices']) retrieved from /home/debian/datapipelines/airflow/dags/leroy_ecoomerce_dag.py
[2022-09-05T21:50:51.831-0300] {logging_mixin.py:115} INFO - [2022-09-05T21:50:51.831-0300] {dag.py:2429} INFO - Sync 1 DAGs
[2022-09-05T21:50:51.847-0300] {logging_mixin.py:115} INFO - [2022-09-05T21:50:51.846-0300] {dag.py:2977} INFO - Setting next_dagrun for leroy_prices to 2022-09-06T00:48:41.808159+00:00, run_after=2022-09-07T00:48:41.808159+00:00
[2022-09-05T21:50:51.870-0300] {processor.py:161} INFO - Processing /home/debian/datapipelines/airflow/dags/leroy_ecoomerce_dag.py took 0.111 seconds
[2022-09-05T21:51:17.898-0300] {processor.py:153} INFO - Started process (PID=9442) to work on /home/debian/datapipelines/airflow/dags/leroy_ecoomerce_dag.py
[2022-09-05T21:51:17.994-0300] {processor.py:640} INFO - Processing file /home/debian/datapipelines/airflow/dags/leroy_ecoomerce_dag.py for tasks to queue
[2022-09-05T21:51:17.995-0300] {logging_mixin.py:115} INFO - [2022-09-05T21:51:17.994-0300] {dagbag.py:508} INFO - Filling up the DagBag from /home/debian/datapipelines/airflow/dags/leroy_ecoomerce_dag.py
[2022-09-05T21:51:18.048-0300] {processor.py:650} INFO - DAG(s) dict_keys(['leroy_prices']) retrieved from /home/debian/datapipelines/airflow/dags/leroy_ecoomerce_dag.py
[2022-09-05T21:51:18.064-0300] {logging_mixin.py:115} INFO - [2022-09-05T21:51:18.064-0300] {dag.py:2429} INFO - Sync 1 DAGs
[2022-09-05T21:51:18.086-0300] {logging_mixin.py:115} INFO - [2022-09-05T21:51:18.086-0300] {dag.py:2977} INFO - Setting next_dagrun for leroy_prices to 2022-09-06T00:48:41.808159+00:00, run_after=2022-09-07T00:48:41.808159+00:00
[2022-09-05T21:51:18.101-0300] {processor.py:161} INFO - Processing /home/debian/datapipelines/airflow/dags/leroy_ecoomerce_dag.py took 0.208 seconds
[2022-09-05T21:51:50.854-0300] {processor.py:153} INFO - Started process (PID=9486) to work on /home/debian/datapipelines/airflow/dags/leroy_ecoomerce_dag.py
[2022-09-05T21:51:50.855-0300] {processor.py:640} INFO - Processing file /home/debian/datapipelines/airflow/dags/leroy_ecoomerce_dag.py for tasks to queue
[2022-09-05T21:51:50.856-0300] {logging_mixin.py:115} INFO - [2022-09-05T21:51:50.856-0300] {dagbag.py:508} INFO - Filling up the DagBag from /home/debian/datapipelines/airflow/dags/leroy_ecoomerce_dag.py
[2022-09-05T21:51:50.888-0300] {processor.py:650} INFO - DAG(s) dict_keys(['leroy_prices']) retrieved from /home/debian/datapipelines/airflow/dags/leroy_ecoomerce_dag.py
[2022-09-05T21:51:50.899-0300] {logging_mixin.py:115} INFO - [2022-09-05T21:51:50.898-0300] {dag.py:2429} INFO - Sync 1 DAGs
[2022-09-05T21:51:50.912-0300] {logging_mixin.py:115} INFO - [2022-09-05T21:51:50.912-0300] {dag.py:2977} INFO - Setting next_dagrun for leroy_prices to 2022-09-06T00:48:41.808159+00:00, run_after=2022-09-07T00:48:41.808159+00:00
[2022-09-05T21:51:50.923-0300] {processor.py:161} INFO - Processing /home/debian/datapipelines/airflow/dags/leroy_ecoomerce_dag.py took 0.071 seconds
[2022-09-05T21:52:24.537-0300] {processor.py:153} INFO - Started process (PID=9567) to work on /home/debian/datapipelines/airflow/dags/leroy_ecoomerce_dag.py
[2022-09-05T21:52:24.541-0300] {processor.py:640} INFO - Processing file /home/debian/datapipelines/airflow/dags/leroy_ecoomerce_dag.py for tasks to queue
[2022-09-05T21:52:24.541-0300] {logging_mixin.py:115} INFO - [2022-09-05T21:52:24.541-0300] {dagbag.py:508} INFO - Filling up the DagBag from /home/debian/datapipelines/airflow/dags/leroy_ecoomerce_dag.py
[2022-09-05T21:52:24.598-0300] {processor.py:650} INFO - DAG(s) dict_keys(['leroy_prices']) retrieved from /home/debian/datapipelines/airflow/dags/leroy_ecoomerce_dag.py
[2022-09-05T21:52:24.612-0300] {logging_mixin.py:115} INFO - [2022-09-05T21:52:24.612-0300] {dag.py:2429} INFO - Sync 1 DAGs
[2022-09-05T21:52:24.633-0300] {logging_mixin.py:115} INFO - [2022-09-05T21:52:24.632-0300] {dag.py:2977} INFO - Setting next_dagrun for leroy_prices to 2022-09-06T00:48:41.808159+00:00, run_after=2022-09-07T00:48:41.808159+00:00
[2022-09-05T21:52:24.646-0300] {processor.py:161} INFO - Processing /home/debian/datapipelines/airflow/dags/leroy_ecoomerce_dag.py took 0.111 seconds
[2022-09-05T21:53:00.404-0300] {processor.py:153} INFO - Started process (PID=9616) to work on /home/debian/datapipelines/airflow/dags/leroy_ecoomerce_dag.py
[2022-09-05T21:53:00.543-0300] {processor.py:640} INFO - Processing file /home/debian/datapipelines/airflow/dags/leroy_ecoomerce_dag.py for tasks to queue
[2022-09-05T21:53:00.544-0300] {logging_mixin.py:115} INFO - [2022-09-05T21:53:00.543-0300] {dagbag.py:508} INFO - Filling up the DagBag from /home/debian/datapipelines/airflow/dags/leroy_ecoomerce_dag.py
[2022-09-05T21:53:00.588-0300] {processor.py:650} INFO - DAG(s) dict_keys(['leroy_prices']) retrieved from /home/debian/datapipelines/airflow/dags/leroy_ecoomerce_dag.py
[2022-09-05T21:53:00.601-0300] {logging_mixin.py:115} INFO - [2022-09-05T21:53:00.601-0300] {dag.py:2429} INFO - Sync 1 DAGs
[2022-09-05T21:53:00.621-0300] {logging_mixin.py:115} INFO - [2022-09-05T21:53:00.621-0300] {dag.py:2977} INFO - Setting next_dagrun for leroy_prices to 2022-09-06T00:48:41.808159+00:00, run_after=2022-09-07T00:48:41.808159+00:00
[2022-09-05T21:53:00.639-0300] {processor.py:161} INFO - Processing /home/debian/datapipelines/airflow/dags/leroy_ecoomerce_dag.py took 0.238 seconds
[2022-09-05T21:53:34.136-0300] {processor.py:153} INFO - Started process (PID=9700) to work on /home/debian/datapipelines/airflow/dags/leroy_ecoomerce_dag.py
[2022-09-05T21:53:34.137-0300] {processor.py:640} INFO - Processing file /home/debian/datapipelines/airflow/dags/leroy_ecoomerce_dag.py for tasks to queue
[2022-09-05T21:53:34.137-0300] {logging_mixin.py:115} INFO - [2022-09-05T21:53:34.137-0300] {dagbag.py:508} INFO - Filling up the DagBag from /home/debian/datapipelines/airflow/dags/leroy_ecoomerce_dag.py
[2022-09-05T21:53:34.169-0300] {processor.py:650} INFO - DAG(s) dict_keys(['leroy_prices']) retrieved from /home/debian/datapipelines/airflow/dags/leroy_ecoomerce_dag.py
[2022-09-05T21:53:34.178-0300] {logging_mixin.py:115} INFO - [2022-09-05T21:53:34.178-0300] {dag.py:2429} INFO - Sync 1 DAGs
[2022-09-05T21:53:34.190-0300] {logging_mixin.py:115} INFO - [2022-09-05T21:53:34.190-0300] {dag.py:2977} INFO - Setting next_dagrun for leroy_prices to 2022-09-06T00:48:41.808159+00:00, run_after=2022-09-07T00:48:41.808159+00:00
[2022-09-05T21:53:34.223-0300] {processor.py:161} INFO - Processing /home/debian/datapipelines/airflow/dags/leroy_ecoomerce_dag.py took 0.089 seconds
[2022-09-05T21:54:06.488-0300] {processor.py:153} INFO - Started process (PID=9739) to work on /home/debian/datapipelines/airflow/dags/leroy_ecoomerce_dag.py
[2022-09-05T21:54:06.489-0300] {processor.py:640} INFO - Processing file /home/debian/datapipelines/airflow/dags/leroy_ecoomerce_dag.py for tasks to queue
[2022-09-05T21:54:06.489-0300] {logging_mixin.py:115} INFO - [2022-09-05T21:54:06.489-0300] {dagbag.py:508} INFO - Filling up the DagBag from /home/debian/datapipelines/airflow/dags/leroy_ecoomerce_dag.py
[2022-09-05T21:54:06.521-0300] {processor.py:650} INFO - DAG(s) dict_keys(['leroy_prices']) retrieved from /home/debian/datapipelines/airflow/dags/leroy_ecoomerce_dag.py
[2022-09-05T21:54:06.532-0300] {logging_mixin.py:115} INFO - [2022-09-05T21:54:06.532-0300] {dag.py:2429} INFO - Sync 1 DAGs
[2022-09-05T21:54:06.546-0300] {logging_mixin.py:115} INFO - [2022-09-05T21:54:06.546-0300] {dag.py:2977} INFO - Setting next_dagrun for leroy_prices to 2022-09-06T00:48:41.808159+00:00, run_after=2022-09-07T00:48:41.808159+00:00
[2022-09-05T21:54:06.558-0300] {processor.py:161} INFO - Processing /home/debian/datapipelines/airflow/dags/leroy_ecoomerce_dag.py took 0.072 seconds
[2022-09-05T21:54:41.972-0300] {processor.py:153} INFO - Started process (PID=9812) to work on /home/debian/datapipelines/airflow/dags/leroy_ecoomerce_dag.py
[2022-09-05T21:54:42.074-0300] {processor.py:640} INFO - Processing file /home/debian/datapipelines/airflow/dags/leroy_ecoomerce_dag.py for tasks to queue
[2022-09-05T21:54:42.075-0300] {logging_mixin.py:115} INFO - [2022-09-05T21:54:42.074-0300] {dagbag.py:508} INFO - Filling up the DagBag from /home/debian/datapipelines/airflow/dags/leroy_ecoomerce_dag.py
[2022-09-05T21:54:42.109-0300] {processor.py:650} INFO - DAG(s) dict_keys(['leroy_prices']) retrieved from /home/debian/datapipelines/airflow/dags/leroy_ecoomerce_dag.py
[2022-09-05T21:54:42.118-0300] {logging_mixin.py:115} INFO - [2022-09-05T21:54:42.118-0300] {dag.py:2429} INFO - Sync 1 DAGs
[2022-09-05T21:54:42.130-0300] {logging_mixin.py:115} INFO - [2022-09-05T21:54:42.130-0300] {dag.py:2977} INFO - Setting next_dagrun for leroy_prices to 2022-09-06T00:48:41.808159+00:00, run_after=2022-09-07T00:48:41.808159+00:00
[2022-09-05T21:54:42.140-0300] {processor.py:161} INFO - Processing /home/debian/datapipelines/airflow/dags/leroy_ecoomerce_dag.py took 0.170 seconds
[2022-09-05T21:55:16.018-0300] {processor.py:153} INFO - Started process (PID=9863) to work on /home/debian/datapipelines/airflow/dags/leroy_ecoomerce_dag.py
[2022-09-05T21:55:16.019-0300] {processor.py:640} INFO - Processing file /home/debian/datapipelines/airflow/dags/leroy_ecoomerce_dag.py for tasks to queue
[2022-09-05T21:55:16.020-0300] {logging_mixin.py:115} INFO - [2022-09-05T21:55:16.020-0300] {dagbag.py:508} INFO - Filling up the DagBag from /home/debian/datapipelines/airflow/dags/leroy_ecoomerce_dag.py
[2022-09-05T21:55:16.067-0300] {processor.py:650} INFO - DAG(s) dict_keys(['leroy_prices']) retrieved from /home/debian/datapipelines/airflow/dags/leroy_ecoomerce_dag.py
[2022-09-05T21:55:16.086-0300] {logging_mixin.py:115} INFO - [2022-09-05T21:55:16.086-0300] {dag.py:2429} INFO - Sync 1 DAGs
[2022-09-05T21:55:16.112-0300] {logging_mixin.py:115} INFO - [2022-09-05T21:55:16.112-0300] {dag.py:2977} INFO - Setting next_dagrun for leroy_prices to 2022-09-06T00:48:41.808159+00:00, run_after=2022-09-07T00:48:41.808159+00:00
[2022-09-05T21:55:16.194-0300] {processor.py:161} INFO - Processing /home/debian/datapipelines/airflow/dags/leroy_ecoomerce_dag.py took 0.180 seconds
[2022-09-05T21:55:49.205-0300] {processor.py:153} INFO - Started process (PID=9905) to work on /home/debian/datapipelines/airflow/dags/leroy_ecoomerce_dag.py
[2022-09-05T21:55:49.230-0300] {processor.py:640} INFO - Processing file /home/debian/datapipelines/airflow/dags/leroy_ecoomerce_dag.py for tasks to queue
[2022-09-05T21:55:49.230-0300] {logging_mixin.py:115} INFO - [2022-09-05T21:55:49.230-0300] {dagbag.py:508} INFO - Filling up the DagBag from /home/debian/datapipelines/airflow/dags/leroy_ecoomerce_dag.py
[2022-09-05T21:55:49.283-0300] {processor.py:650} INFO - DAG(s) dict_keys(['leroy_prices']) retrieved from /home/debian/datapipelines/airflow/dags/leroy_ecoomerce_dag.py
[2022-09-05T21:55:49.300-0300] {logging_mixin.py:115} INFO - [2022-09-05T21:55:49.300-0300] {dag.py:2429} INFO - Sync 1 DAGs
[2022-09-05T21:55:49.322-0300] {logging_mixin.py:115} INFO - [2022-09-05T21:55:49.322-0300] {dag.py:2977} INFO - Setting next_dagrun for leroy_prices to 2022-09-06T00:48:41.808159+00:00, run_after=2022-09-07T00:48:41.808159+00:00
[2022-09-05T21:55:49.350-0300] {processor.py:161} INFO - Processing /home/debian/datapipelines/airflow/dags/leroy_ecoomerce_dag.py took 0.148 seconds
[2022-09-05T21:56:22.790-0300] {processor.py:153} INFO - Started process (PID=9950) to work on /home/debian/datapipelines/airflow/dags/leroy_ecoomerce_dag.py
[2022-09-05T21:56:22.801-0300] {processor.py:640} INFO - Processing file /home/debian/datapipelines/airflow/dags/leroy_ecoomerce_dag.py for tasks to queue
[2022-09-05T21:56:22.802-0300] {logging_mixin.py:115} INFO - [2022-09-05T21:56:22.802-0300] {dagbag.py:508} INFO - Filling up the DagBag from /home/debian/datapipelines/airflow/dags/leroy_ecoomerce_dag.py
[2022-09-05T21:56:22.837-0300] {processor.py:650} INFO - DAG(s) dict_keys(['leroy_prices']) retrieved from /home/debian/datapipelines/airflow/dags/leroy_ecoomerce_dag.py
[2022-09-05T21:56:22.848-0300] {logging_mixin.py:115} INFO - [2022-09-05T21:56:22.848-0300] {dag.py:2429} INFO - Sync 1 DAGs
[2022-09-05T21:56:22.862-0300] {logging_mixin.py:115} INFO - [2022-09-05T21:56:22.861-0300] {dag.py:2977} INFO - Setting next_dagrun for leroy_prices to 2022-09-06T00:48:41.808159+00:00, run_after=2022-09-07T00:48:41.808159+00:00
[2022-09-05T21:56:22.887-0300] {processor.py:161} INFO - Processing /home/debian/datapipelines/airflow/dags/leroy_ecoomerce_dag.py took 0.100 seconds
[2022-09-05T21:56:55.132-0300] {processor.py:153} INFO - Started process (PID=10065) to work on /home/debian/datapipelines/airflow/dags/leroy_ecoomerce_dag.py
[2022-09-05T21:56:55.133-0300] {processor.py:640} INFO - Processing file /home/debian/datapipelines/airflow/dags/leroy_ecoomerce_dag.py for tasks to queue
[2022-09-05T21:56:55.133-0300] {logging_mixin.py:115} INFO - [2022-09-05T21:56:55.133-0300] {dagbag.py:508} INFO - Filling up the DagBag from /home/debian/datapipelines/airflow/dags/leroy_ecoomerce_dag.py
[2022-09-05T21:56:55.172-0300] {processor.py:650} INFO - DAG(s) dict_keys(['leroy_prices']) retrieved from /home/debian/datapipelines/airflow/dags/leroy_ecoomerce_dag.py
[2022-09-05T21:56:55.187-0300] {logging_mixin.py:115} INFO - [2022-09-05T21:56:55.186-0300] {dag.py:2429} INFO - Sync 1 DAGs
[2022-09-05T21:56:55.202-0300] {logging_mixin.py:115} INFO - [2022-09-05T21:56:55.202-0300] {dag.py:2977} INFO - Setting next_dagrun for leroy_prices to 2022-09-06T00:48:41.808159+00:00, run_after=2022-09-07T00:48:41.808159+00:00
[2022-09-05T21:56:55.297-0300] {processor.py:161} INFO - Processing /home/debian/datapipelines/airflow/dags/leroy_ecoomerce_dag.py took 0.168 seconds
[2022-09-05T21:57:28.801-0300] {processor.py:153} INFO - Started process (PID=10166) to work on /home/debian/datapipelines/airflow/dags/leroy_ecoomerce_dag.py
[2022-09-05T21:57:28.815-0300] {processor.py:640} INFO - Processing file /home/debian/datapipelines/airflow/dags/leroy_ecoomerce_dag.py for tasks to queue
[2022-09-05T21:57:28.816-0300] {logging_mixin.py:115} INFO - [2022-09-05T21:57:28.816-0300] {dagbag.py:508} INFO - Filling up the DagBag from /home/debian/datapipelines/airflow/dags/leroy_ecoomerce_dag.py
[2022-09-05T21:57:28.864-0300] {processor.py:650} INFO - DAG(s) dict_keys(['leroy_prices']) retrieved from /home/debian/datapipelines/airflow/dags/leroy_ecoomerce_dag.py
[2022-09-05T21:57:28.877-0300] {logging_mixin.py:115} INFO - [2022-09-05T21:57:28.876-0300] {dag.py:2429} INFO - Sync 1 DAGs
[2022-09-05T21:57:28.897-0300] {logging_mixin.py:115} INFO - [2022-09-05T21:57:28.897-0300] {dag.py:2977} INFO - Setting next_dagrun for leroy_prices to 2022-09-06T00:48:41.808159+00:00, run_after=2022-09-07T00:48:41.808159+00:00
[2022-09-05T21:57:28.910-0300] {processor.py:161} INFO - Processing /home/debian/datapipelines/airflow/dags/leroy_ecoomerce_dag.py took 0.111 seconds
[2022-09-05T21:58:02.047-0300] {processor.py:153} INFO - Started process (PID=10218) to work on /home/debian/datapipelines/airflow/dags/leroy_ecoomerce_dag.py
[2022-09-05T21:58:02.147-0300] {processor.py:640} INFO - Processing file /home/debian/datapipelines/airflow/dags/leroy_ecoomerce_dag.py for tasks to queue
[2022-09-05T21:58:02.148-0300] {logging_mixin.py:115} INFO - [2022-09-05T21:58:02.148-0300] {dagbag.py:508} INFO - Filling up the DagBag from /home/debian/datapipelines/airflow/dags/leroy_ecoomerce_dag.py
[2022-09-05T21:58:02.181-0300] {processor.py:650} INFO - DAG(s) dict_keys(['leroy_prices']) retrieved from /home/debian/datapipelines/airflow/dags/leroy_ecoomerce_dag.py
[2022-09-05T21:58:02.191-0300] {logging_mixin.py:115} INFO - [2022-09-05T21:58:02.191-0300] {dag.py:2429} INFO - Sync 1 DAGs
[2022-09-05T21:58:02.204-0300] {logging_mixin.py:115} INFO - [2022-09-05T21:58:02.204-0300] {dag.py:2977} INFO - Setting next_dagrun for leroy_prices to 2022-09-06T00:48:41.808159+00:00, run_after=2022-09-07T00:48:41.808159+00:00
[2022-09-05T21:58:02.215-0300] {processor.py:161} INFO - Processing /home/debian/datapipelines/airflow/dags/leroy_ecoomerce_dag.py took 0.171 seconds
[2022-09-05T21:58:34.487-0300] {processor.py:153} INFO - Started process (PID=10271) to work on /home/debian/datapipelines/airflow/dags/leroy_ecoomerce_dag.py
[2022-09-05T21:58:34.495-0300] {processor.py:640} INFO - Processing file /home/debian/datapipelines/airflow/dags/leroy_ecoomerce_dag.py for tasks to queue
[2022-09-05T21:58:34.497-0300] {logging_mixin.py:115} INFO - [2022-09-05T21:58:34.497-0300] {dagbag.py:508} INFO - Filling up the DagBag from /home/debian/datapipelines/airflow/dags/leroy_ecoomerce_dag.py
[2022-09-05T21:58:34.601-0300] {processor.py:650} INFO - DAG(s) dict_keys(['leroy_prices']) retrieved from /home/debian/datapipelines/airflow/dags/leroy_ecoomerce_dag.py
[2022-09-05T21:58:34.614-0300] {logging_mixin.py:115} INFO - [2022-09-05T21:58:34.614-0300] {dag.py:2429} INFO - Sync 1 DAGs
[2022-09-05T21:58:34.631-0300] {logging_mixin.py:115} INFO - [2022-09-05T21:58:34.630-0300] {dag.py:2977} INFO - Setting next_dagrun for leroy_prices to 2022-09-06T00:48:41.808159+00:00, run_after=2022-09-07T00:48:41.808159+00:00
[2022-09-05T21:58:34.645-0300] {processor.py:161} INFO - Processing /home/debian/datapipelines/airflow/dags/leroy_ecoomerce_dag.py took 0.168 seconds
[2022-09-05T21:59:07.990-0300] {processor.py:153} INFO - Started process (PID=10338) to work on /home/debian/datapipelines/airflow/dags/leroy_ecoomerce_dag.py
[2022-09-05T21:59:08.111-0300] {processor.py:640} INFO - Processing file /home/debian/datapipelines/airflow/dags/leroy_ecoomerce_dag.py for tasks to queue
[2022-09-05T21:59:08.112-0300] {logging_mixin.py:115} INFO - [2022-09-05T21:59:08.112-0300] {dagbag.py:508} INFO - Filling up the DagBag from /home/debian/datapipelines/airflow/dags/leroy_ecoomerce_dag.py
[2022-09-05T21:59:08.155-0300] {processor.py:650} INFO - DAG(s) dict_keys(['leroy_prices']) retrieved from /home/debian/datapipelines/airflow/dags/leroy_ecoomerce_dag.py
[2022-09-05T21:59:08.165-0300] {logging_mixin.py:115} INFO - [2022-09-05T21:59:08.165-0300] {dag.py:2429} INFO - Sync 1 DAGs
[2022-09-05T21:59:08.177-0300] {logging_mixin.py:115} INFO - [2022-09-05T21:59:08.177-0300] {dag.py:2977} INFO - Setting next_dagrun for leroy_prices to 2022-09-06T00:48:41.808159+00:00, run_after=2022-09-07T00:48:41.808159+00:00
[2022-09-05T21:59:08.251-0300] {processor.py:161} INFO - Processing /home/debian/datapipelines/airflow/dags/leroy_ecoomerce_dag.py took 0.263 seconds
[2022-09-05T21:59:42.145-0300] {processor.py:153} INFO - Started process (PID=10390) to work on /home/debian/datapipelines/airflow/dags/leroy_ecoomerce_dag.py
[2022-09-05T21:59:42.147-0300] {processor.py:640} INFO - Processing file /home/debian/datapipelines/airflow/dags/leroy_ecoomerce_dag.py for tasks to queue
[2022-09-05T21:59:42.148-0300] {logging_mixin.py:115} INFO - [2022-09-05T21:59:42.147-0300] {dagbag.py:508} INFO - Filling up the DagBag from /home/debian/datapipelines/airflow/dags/leroy_ecoomerce_dag.py
[2022-09-05T21:59:42.191-0300] {processor.py:650} INFO - DAG(s) dict_keys(['leroy_prices']) retrieved from /home/debian/datapipelines/airflow/dags/leroy_ecoomerce_dag.py
[2022-09-05T21:59:42.206-0300] {logging_mixin.py:115} INFO - [2022-09-05T21:59:42.205-0300] {dag.py:2429} INFO - Sync 1 DAGs
[2022-09-05T21:59:42.222-0300] {logging_mixin.py:115} INFO - [2022-09-05T21:59:42.221-0300] {dag.py:2977} INFO - Setting next_dagrun for leroy_prices to 2022-09-06T00:48:41.808159+00:00, run_after=2022-09-07T00:48:41.808159+00:00
[2022-09-05T21:59:42.247-0300] {processor.py:161} INFO - Processing /home/debian/datapipelines/airflow/dags/leroy_ecoomerce_dag.py took 0.105 seconds
[2022-09-05T22:00:15.533-0300] {processor.py:153} INFO - Started process (PID=10512) to work on /home/debian/datapipelines/airflow/dags/leroy_ecoomerce_dag.py
[2022-09-05T22:00:15.534-0300] {processor.py:640} INFO - Processing file /home/debian/datapipelines/airflow/dags/leroy_ecoomerce_dag.py for tasks to queue
[2022-09-05T22:00:15.535-0300] {logging_mixin.py:115} INFO - [2022-09-05T22:00:15.535-0300] {dagbag.py:508} INFO - Filling up the DagBag from /home/debian/datapipelines/airflow/dags/leroy_ecoomerce_dag.py
[2022-09-05T22:00:15.573-0300] {processor.py:650} INFO - DAG(s) dict_keys(['leroy_prices']) retrieved from /home/debian/datapipelines/airflow/dags/leroy_ecoomerce_dag.py
[2022-09-05T22:00:15.584-0300] {logging_mixin.py:115} INFO - [2022-09-05T22:00:15.584-0300] {dag.py:2429} INFO - Sync 1 DAGs
[2022-09-05T22:00:15.600-0300] {logging_mixin.py:115} INFO - [2022-09-05T22:00:15.600-0300] {dag.py:2977} INFO - Setting next_dagrun for leroy_prices to 2022-09-06T00:48:41.808159+00:00, run_after=2022-09-07T00:48:41.808159+00:00
[2022-09-05T22:00:15.710-0300] {processor.py:161} INFO - Processing /home/debian/datapipelines/airflow/dags/leroy_ecoomerce_dag.py took 0.179 seconds
[2022-09-05T22:00:48.929-0300] {processor.py:153} INFO - Started process (PID=10588) to work on /home/debian/datapipelines/airflow/dags/leroy_ecoomerce_dag.py
[2022-09-05T22:00:48.931-0300] {processor.py:640} INFO - Processing file /home/debian/datapipelines/airflow/dags/leroy_ecoomerce_dag.py for tasks to queue
[2022-09-05T22:00:48.931-0300] {logging_mixin.py:115} INFO - [2022-09-05T22:00:48.931-0300] {dagbag.py:508} INFO - Filling up the DagBag from /home/debian/datapipelines/airflow/dags/leroy_ecoomerce_dag.py
[2022-09-05T22:00:48.965-0300] {processor.py:650} INFO - DAG(s) dict_keys(['leroy_prices']) retrieved from /home/debian/datapipelines/airflow/dags/leroy_ecoomerce_dag.py
[2022-09-05T22:00:48.977-0300] {logging_mixin.py:115} INFO - [2022-09-05T22:00:48.977-0300] {dag.py:2429} INFO - Sync 1 DAGs
[2022-09-05T22:00:48.995-0300] {logging_mixin.py:115} INFO - [2022-09-05T22:00:48.995-0300] {dag.py:2977} INFO - Setting next_dagrun for leroy_prices to 2022-09-06T00:48:41.808159+00:00, run_after=2022-09-07T00:48:41.808159+00:00
[2022-09-05T22:00:49.046-0300] {processor.py:161} INFO - Processing /home/debian/datapipelines/airflow/dags/leroy_ecoomerce_dag.py took 0.120 seconds
[2022-09-05T22:01:20.699-0300] {processor.py:153} INFO - Started process (PID=10702) to work on /home/debian/datapipelines/airflow/dags/leroy_ecoomerce_dag.py
[2022-09-05T22:01:20.700-0300] {processor.py:640} INFO - Processing file /home/debian/datapipelines/airflow/dags/leroy_ecoomerce_dag.py for tasks to queue
[2022-09-05T22:01:20.701-0300] {logging_mixin.py:115} INFO - [2022-09-05T22:01:20.701-0300] {dagbag.py:508} INFO - Filling up the DagBag from /home/debian/datapipelines/airflow/dags/leroy_ecoomerce_dag.py
[2022-09-05T22:01:20.739-0300] {processor.py:650} INFO - DAG(s) dict_keys(['leroy_prices']) retrieved from /home/debian/datapipelines/airflow/dags/leroy_ecoomerce_dag.py
[2022-09-05T22:01:20.754-0300] {logging_mixin.py:115} INFO - [2022-09-05T22:01:20.754-0300] {dag.py:2429} INFO - Sync 1 DAGs
[2022-09-05T22:01:20.768-0300] {logging_mixin.py:115} INFO - [2022-09-05T22:01:20.767-0300] {dag.py:2977} INFO - Setting next_dagrun for leroy_prices to 2022-09-06T00:48:41.808159+00:00, run_after=2022-09-07T00:48:41.808159+00:00
[2022-09-05T22:01:20.780-0300] {processor.py:161} INFO - Processing /home/debian/datapipelines/airflow/dags/leroy_ecoomerce_dag.py took 0.084 seconds
[2022-09-05T22:01:54.198-0300] {processor.py:153} INFO - Started process (PID=10835) to work on /home/debian/datapipelines/airflow/dags/leroy_ecoomerce_dag.py
[2022-09-05T22:01:54.297-0300] {processor.py:640} INFO - Processing file /home/debian/datapipelines/airflow/dags/leroy_ecoomerce_dag.py for tasks to queue
[2022-09-05T22:01:54.306-0300] {logging_mixin.py:115} INFO - [2022-09-05T22:01:54.305-0300] {dagbag.py:508} INFO - Filling up the DagBag from /home/debian/datapipelines/airflow/dags/leroy_ecoomerce_dag.py
[2022-09-05T22:01:54.379-0300] {processor.py:650} INFO - DAG(s) dict_keys(['leroy_prices']) retrieved from /home/debian/datapipelines/airflow/dags/leroy_ecoomerce_dag.py
[2022-09-05T22:01:54.413-0300] {logging_mixin.py:115} INFO - [2022-09-05T22:01:54.410-0300] {dag.py:2429} INFO - Sync 1 DAGs
[2022-09-05T22:01:54.475-0300] {logging_mixin.py:115} INFO - [2022-09-05T22:01:54.475-0300] {dag.py:2977} INFO - Setting next_dagrun for leroy_prices to 2022-09-06T00:48:41.808159+00:00, run_after=2022-09-07T00:48:41.808159+00:00
[2022-09-05T22:01:54.486-0300] {processor.py:161} INFO - Processing /home/debian/datapipelines/airflow/dags/leroy_ecoomerce_dag.py took 0.290 seconds
[2022-09-05T22:02:26.540-0300] {processor.py:153} INFO - Started process (PID=10888) to work on /home/debian/datapipelines/airflow/dags/leroy_ecoomerce_dag.py
[2022-09-05T22:02:26.541-0300] {processor.py:640} INFO - Processing file /home/debian/datapipelines/airflow/dags/leroy_ecoomerce_dag.py for tasks to queue
[2022-09-05T22:02:26.541-0300] {logging_mixin.py:115} INFO - [2022-09-05T22:02:26.541-0300] {dagbag.py:508} INFO - Filling up the DagBag from /home/debian/datapipelines/airflow/dags/leroy_ecoomerce_dag.py
[2022-09-05T22:02:26.575-0300] {processor.py:650} INFO - DAG(s) dict_keys(['leroy_prices']) retrieved from /home/debian/datapipelines/airflow/dags/leroy_ecoomerce_dag.py
[2022-09-05T22:02:26.587-0300] {logging_mixin.py:115} INFO - [2022-09-05T22:02:26.587-0300] {dag.py:2429} INFO - Sync 1 DAGs
[2022-09-05T22:02:26.599-0300] {logging_mixin.py:115} INFO - [2022-09-05T22:02:26.599-0300] {dag.py:2977} INFO - Setting next_dagrun for leroy_prices to 2022-09-06T00:48:41.808159+00:00, run_after=2022-09-07T00:48:41.808159+00:00
[2022-09-05T22:02:26.632-0300] {processor.py:161} INFO - Processing /home/debian/datapipelines/airflow/dags/leroy_ecoomerce_dag.py took 0.094 seconds
[2022-09-05T22:03:01.912-0300] {processor.py:153} INFO - Started process (PID=10947) to work on /home/debian/datapipelines/airflow/dags/leroy_ecoomerce_dag.py
[2022-09-05T22:03:01.923-0300] {processor.py:640} INFO - Processing file /home/debian/datapipelines/airflow/dags/leroy_ecoomerce_dag.py for tasks to queue
[2022-09-05T22:03:01.924-0300] {logging_mixin.py:115} INFO - [2022-09-05T22:03:01.924-0300] {dagbag.py:508} INFO - Filling up the DagBag from /home/debian/datapipelines/airflow/dags/leroy_ecoomerce_dag.py
[2022-09-05T22:03:01.953-0300] {processor.py:650} INFO - DAG(s) dict_keys(['leroy_prices']) retrieved from /home/debian/datapipelines/airflow/dags/leroy_ecoomerce_dag.py
[2022-09-05T22:03:01.963-0300] {logging_mixin.py:115} INFO - [2022-09-05T22:03:01.963-0300] {dag.py:2429} INFO - Sync 1 DAGs
[2022-09-05T22:03:01.976-0300] {logging_mixin.py:115} INFO - [2022-09-05T22:03:01.976-0300] {dag.py:2977} INFO - Setting next_dagrun for leroy_prices to 2022-09-06T00:48:41.808159+00:00, run_after=2022-09-07T00:48:41.808159+00:00
[2022-09-05T22:03:01.986-0300] {processor.py:161} INFO - Processing /home/debian/datapipelines/airflow/dags/leroy_ecoomerce_dag.py took 0.076 seconds
[2022-09-05T22:03:34.177-0300] {processor.py:153} INFO - Started process (PID=11049) to work on /home/debian/datapipelines/airflow/dags/leroy_ecoomerce_dag.py
[2022-09-05T22:03:34.189-0300] {processor.py:640} INFO - Processing file /home/debian/datapipelines/airflow/dags/leroy_ecoomerce_dag.py for tasks to queue
[2022-09-05T22:03:34.190-0300] {logging_mixin.py:115} INFO - [2022-09-05T22:03:34.190-0300] {dagbag.py:508} INFO - Filling up the DagBag from /home/debian/datapipelines/airflow/dags/leroy_ecoomerce_dag.py
[2022-09-05T22:03:34.221-0300] {processor.py:650} INFO - DAG(s) dict_keys(['leroy_prices']) retrieved from /home/debian/datapipelines/airflow/dags/leroy_ecoomerce_dag.py
[2022-09-05T22:03:34.230-0300] {logging_mixin.py:115} INFO - [2022-09-05T22:03:34.230-0300] {dag.py:2429} INFO - Sync 1 DAGs
[2022-09-05T22:03:34.250-0300] {logging_mixin.py:115} INFO - [2022-09-05T22:03:34.250-0300] {dag.py:2977} INFO - Setting next_dagrun for leroy_prices to 2022-09-06T00:48:41.808159+00:00, run_after=2022-09-07T00:48:41.808159+00:00
[2022-09-05T22:03:34.261-0300] {processor.py:161} INFO - Processing /home/debian/datapipelines/airflow/dags/leroy_ecoomerce_dag.py took 0.087 seconds
[2022-09-05T22:04:08.137-0300] {processor.py:153} INFO - Started process (PID=11142) to work on /home/debian/datapipelines/airflow/dags/leroy_ecoomerce_dag.py
[2022-09-05T22:04:08.150-0300] {processor.py:640} INFO - Processing file /home/debian/datapipelines/airflow/dags/leroy_ecoomerce_dag.py for tasks to queue
[2022-09-05T22:04:08.154-0300] {logging_mixin.py:115} INFO - [2022-09-05T22:04:08.152-0300] {dagbag.py:508} INFO - Filling up the DagBag from /home/debian/datapipelines/airflow/dags/leroy_ecoomerce_dag.py
[2022-09-05T22:04:08.211-0300] {processor.py:650} INFO - DAG(s) dict_keys(['leroy_prices']) retrieved from /home/debian/datapipelines/airflow/dags/leroy_ecoomerce_dag.py
[2022-09-05T22:04:08.230-0300] {logging_mixin.py:115} INFO - [2022-09-05T22:04:08.229-0300] {dag.py:2429} INFO - Sync 1 DAGs
[2022-09-05T22:04:08.252-0300] {logging_mixin.py:115} INFO - [2022-09-05T22:04:08.252-0300] {dag.py:2977} INFO - Setting next_dagrun for leroy_prices to 2022-09-06T00:48:41.808159+00:00, run_after=2022-09-07T00:48:41.808159+00:00
[2022-09-05T22:04:08.283-0300] {processor.py:161} INFO - Processing /home/debian/datapipelines/airflow/dags/leroy_ecoomerce_dag.py took 0.157 seconds
[2022-09-05T22:04:42.137-0300] {processor.py:153} INFO - Started process (PID=11225) to work on /home/debian/datapipelines/airflow/dags/leroy_ecoomerce_dag.py
[2022-09-05T22:04:42.148-0300] {processor.py:640} INFO - Processing file /home/debian/datapipelines/airflow/dags/leroy_ecoomerce_dag.py for tasks to queue
[2022-09-05T22:04:42.148-0300] {logging_mixin.py:115} INFO - [2022-09-05T22:04:42.148-0300] {dagbag.py:508} INFO - Filling up the DagBag from /home/debian/datapipelines/airflow/dags/leroy_ecoomerce_dag.py
[2022-09-05T22:04:42.180-0300] {processor.py:650} INFO - DAG(s) dict_keys(['leroy_prices']) retrieved from /home/debian/datapipelines/airflow/dags/leroy_ecoomerce_dag.py
[2022-09-05T22:04:42.191-0300] {logging_mixin.py:115} INFO - [2022-09-05T22:04:42.191-0300] {dag.py:2429} INFO - Sync 1 DAGs
[2022-09-05T22:04:42.202-0300] {logging_mixin.py:115} INFO - [2022-09-05T22:04:42.202-0300] {dag.py:2977} INFO - Setting next_dagrun for leroy_prices to 2022-09-06T00:48:41.808159+00:00, run_after=2022-09-07T00:48:41.808159+00:00
[2022-09-05T22:04:42.212-0300] {processor.py:161} INFO - Processing /home/debian/datapipelines/airflow/dags/leroy_ecoomerce_dag.py took 0.078 seconds
[2022-09-05T22:05:19.423-0300] {processor.py:153} INFO - Started process (PID=11296) to work on /home/debian/datapipelines/airflow/dags/leroy_ecoomerce_dag.py
[2022-09-05T22:05:19.438-0300] {processor.py:640} INFO - Processing file /home/debian/datapipelines/airflow/dags/leroy_ecoomerce_dag.py for tasks to queue
[2022-09-05T22:05:19.439-0300] {logging_mixin.py:115} INFO - [2022-09-05T22:05:19.439-0300] {dagbag.py:508} INFO - Filling up the DagBag from /home/debian/datapipelines/airflow/dags/leroy_ecoomerce_dag.py
[2022-09-05T22:05:19.473-0300] {processor.py:650} INFO - DAG(s) dict_keys(['leroy_prices']) retrieved from /home/debian/datapipelines/airflow/dags/leroy_ecoomerce_dag.py
[2022-09-05T22:05:19.486-0300] {logging_mixin.py:115} INFO - [2022-09-05T22:05:19.486-0300] {dag.py:2429} INFO - Sync 1 DAGs
[2022-09-05T22:05:19.498-0300] {logging_mixin.py:115} INFO - [2022-09-05T22:05:19.498-0300] {dag.py:2977} INFO - Setting next_dagrun for leroy_prices to 2022-09-06T00:48:41.808159+00:00, run_after=2022-09-07T00:48:41.808159+00:00
[2022-09-05T22:05:19.509-0300] {processor.py:161} INFO - Processing /home/debian/datapipelines/airflow/dags/leroy_ecoomerce_dag.py took 0.088 seconds
[2022-09-05T22:05:50.799-0300] {processor.py:153} INFO - Started process (PID=11387) to work on /home/debian/datapipelines/airflow/dags/leroy_ecoomerce_dag.py
[2022-09-05T22:05:50.816-0300] {processor.py:640} INFO - Processing file /home/debian/datapipelines/airflow/dags/leroy_ecoomerce_dag.py for tasks to queue
[2022-09-05T22:05:50.818-0300] {logging_mixin.py:115} INFO - [2022-09-05T22:05:50.816-0300] {dagbag.py:508} INFO - Filling up the DagBag from /home/debian/datapipelines/airflow/dags/leroy_ecoomerce_dag.py
[2022-09-05T22:05:50.895-0300] {processor.py:650} INFO - DAG(s) dict_keys(['leroy_prices']) retrieved from /home/debian/datapipelines/airflow/dags/leroy_ecoomerce_dag.py
[2022-09-05T22:05:50.910-0300] {logging_mixin.py:115} INFO - [2022-09-05T22:05:50.909-0300] {dag.py:2429} INFO - Sync 1 DAGs
[2022-09-05T22:05:50.928-0300] {logging_mixin.py:115} INFO - [2022-09-05T22:05:50.928-0300] {dag.py:2977} INFO - Setting next_dagrun for leroy_prices to 2022-09-06T00:48:41.808159+00:00, run_after=2022-09-07T00:48:41.808159+00:00
[2022-09-05T22:05:50.939-0300] {processor.py:161} INFO - Processing /home/debian/datapipelines/airflow/dags/leroy_ecoomerce_dag.py took 0.147 seconds
[2022-09-05T22:06:22.129-0300] {processor.py:153} INFO - Started process (PID=11428) to work on /home/debian/datapipelines/airflow/dags/leroy_ecoomerce_dag.py
[2022-09-05T22:06:22.131-0300] {processor.py:640} INFO - Processing file /home/debian/datapipelines/airflow/dags/leroy_ecoomerce_dag.py for tasks to queue
[2022-09-05T22:06:22.131-0300] {logging_mixin.py:115} INFO - [2022-09-05T22:06:22.131-0300] {dagbag.py:508} INFO - Filling up the DagBag from /home/debian/datapipelines/airflow/dags/leroy_ecoomerce_dag.py
[2022-09-05T22:06:22.181-0300] {processor.py:650} INFO - DAG(s) dict_keys(['leroy_prices']) retrieved from /home/debian/datapipelines/airflow/dags/leroy_ecoomerce_dag.py
[2022-09-05T22:06:22.203-0300] {logging_mixin.py:115} INFO - [2022-09-05T22:06:22.203-0300] {dag.py:2429} INFO - Sync 1 DAGs
[2022-09-05T22:06:22.224-0300] {logging_mixin.py:115} INFO - [2022-09-05T22:06:22.224-0300] {dag.py:2977} INFO - Setting next_dagrun for leroy_prices to 2022-09-06T00:48:41.808159+00:00, run_after=2022-09-07T00:48:41.808159+00:00
[2022-09-05T22:06:22.235-0300] {processor.py:161} INFO - Processing /home/debian/datapipelines/airflow/dags/leroy_ecoomerce_dag.py took 0.110 seconds
[2022-09-05T22:06:54.640-0300] {processor.py:153} INFO - Started process (PID=11630) to work on /home/debian/datapipelines/airflow/dags/leroy_ecoomerce_dag.py
[2022-09-05T22:06:54.641-0300] {processor.py:640} INFO - Processing file /home/debian/datapipelines/airflow/dags/leroy_ecoomerce_dag.py for tasks to queue
[2022-09-05T22:06:54.642-0300] {logging_mixin.py:115} INFO - [2022-09-05T22:06:54.641-0300] {dagbag.py:508} INFO - Filling up the DagBag from /home/debian/datapipelines/airflow/dags/leroy_ecoomerce_dag.py
[2022-09-05T22:06:54.675-0300] {processor.py:650} INFO - DAG(s) dict_keys(['leroy_prices']) retrieved from /home/debian/datapipelines/airflow/dags/leroy_ecoomerce_dag.py
[2022-09-05T22:06:54.687-0300] {logging_mixin.py:115} INFO - [2022-09-05T22:06:54.687-0300] {dag.py:2429} INFO - Sync 1 DAGs
[2022-09-05T22:06:54.700-0300] {logging_mixin.py:115} INFO - [2022-09-05T22:06:54.700-0300] {dag.py:2977} INFO - Setting next_dagrun for leroy_prices to 2022-09-06T00:48:41.808159+00:00, run_after=2022-09-07T00:48:41.808159+00:00
[2022-09-05T22:06:54.723-0300] {processor.py:161} INFO - Processing /home/debian/datapipelines/airflow/dags/leroy_ecoomerce_dag.py took 0.085 seconds
[2022-09-05T22:07:25.053-0300] {processor.py:153} INFO - Started process (PID=11734) to work on /home/debian/datapipelines/airflow/dags/leroy_ecoomerce_dag.py
[2022-09-05T22:07:25.065-0300] {processor.py:640} INFO - Processing file /home/debian/datapipelines/airflow/dags/leroy_ecoomerce_dag.py for tasks to queue
[2022-09-05T22:07:25.066-0300] {logging_mixin.py:115} INFO - [2022-09-05T22:07:25.066-0300] {dagbag.py:508} INFO - Filling up the DagBag from /home/debian/datapipelines/airflow/dags/leroy_ecoomerce_dag.py
[2022-09-05T22:07:25.104-0300] {processor.py:650} INFO - DAG(s) dict_keys(['leroy_prices']) retrieved from /home/debian/datapipelines/airflow/dags/leroy_ecoomerce_dag.py
[2022-09-05T22:07:25.119-0300] {logging_mixin.py:115} INFO - [2022-09-05T22:07:25.118-0300] {dag.py:2429} INFO - Sync 1 DAGs
[2022-09-05T22:07:25.134-0300] {logging_mixin.py:115} INFO - [2022-09-05T22:07:25.133-0300] {dag.py:2977} INFO - Setting next_dagrun for leroy_prices to 2022-09-06T00:48:41.808159+00:00, run_after=2022-09-07T00:48:41.808159+00:00
[2022-09-05T22:07:25.151-0300] {processor.py:161} INFO - Processing /home/debian/datapipelines/airflow/dags/leroy_ecoomerce_dag.py took 0.101 seconds
[2022-09-05T22:07:59.426-0300] {processor.py:153} INFO - Started process (PID=11882) to work on /home/debian/datapipelines/airflow/dags/leroy_ecoomerce_dag.py
[2022-09-05T22:07:59.426-0300] {processor.py:640} INFO - Processing file /home/debian/datapipelines/airflow/dags/leroy_ecoomerce_dag.py for tasks to queue
[2022-09-05T22:07:59.427-0300] {logging_mixin.py:115} INFO - [2022-09-05T22:07:59.427-0300] {dagbag.py:508} INFO - Filling up the DagBag from /home/debian/datapipelines/airflow/dags/leroy_ecoomerce_dag.py
[2022-09-05T22:07:59.460-0300] {processor.py:650} INFO - DAG(s) dict_keys(['leroy_prices']) retrieved from /home/debian/datapipelines/airflow/dags/leroy_ecoomerce_dag.py
[2022-09-05T22:07:59.471-0300] {logging_mixin.py:115} INFO - [2022-09-05T22:07:59.471-0300] {dag.py:2429} INFO - Sync 1 DAGs
[2022-09-05T22:07:59.482-0300] {logging_mixin.py:115} INFO - [2022-09-05T22:07:59.482-0300] {dag.py:2977} INFO - Setting next_dagrun for leroy_prices to 2022-09-06T00:48:41.808159+00:00, run_after=2022-09-07T00:48:41.808159+00:00
[2022-09-05T22:07:59.530-0300] {processor.py:161} INFO - Processing /home/debian/datapipelines/airflow/dags/leroy_ecoomerce_dag.py took 0.107 seconds
[2022-09-05T22:08:34.839-0300] {processor.py:153} INFO - Started process (PID=11936) to work on /home/debian/datapipelines/airflow/dags/leroy_ecoomerce_dag.py
[2022-09-05T22:08:34.852-0300] {processor.py:640} INFO - Processing file /home/debian/datapipelines/airflow/dags/leroy_ecoomerce_dag.py for tasks to queue
[2022-09-05T22:08:34.853-0300] {logging_mixin.py:115} INFO - [2022-09-05T22:08:34.853-0300] {dagbag.py:508} INFO - Filling up the DagBag from /home/debian/datapipelines/airflow/dags/leroy_ecoomerce_dag.py
[2022-09-05T22:08:34.888-0300] {processor.py:650} INFO - DAG(s) dict_keys(['leroy_prices']) retrieved from /home/debian/datapipelines/airflow/dags/leroy_ecoomerce_dag.py
[2022-09-05T22:08:34.903-0300] {logging_mixin.py:115} INFO - [2022-09-05T22:08:34.903-0300] {dag.py:2429} INFO - Sync 1 DAGs
[2022-09-05T22:08:34.916-0300] {logging_mixin.py:115} INFO - [2022-09-05T22:08:34.916-0300] {dag.py:2977} INFO - Setting next_dagrun for leroy_prices to 2022-09-06T00:48:41.808159+00:00, run_after=2022-09-07T00:48:41.808159+00:00
[2022-09-05T22:08:34.925-0300] {processor.py:161} INFO - Processing /home/debian/datapipelines/airflow/dags/leroy_ecoomerce_dag.py took 0.089 seconds
[2022-09-05T22:09:05.411-0300] {processor.py:153} INFO - Started process (PID=12013) to work on /home/debian/datapipelines/airflow/dags/leroy_ecoomerce_dag.py
[2022-09-05T22:09:05.412-0300] {processor.py:640} INFO - Processing file /home/debian/datapipelines/airflow/dags/leroy_ecoomerce_dag.py for tasks to queue
[2022-09-05T22:09:05.413-0300] {logging_mixin.py:115} INFO - [2022-09-05T22:09:05.413-0300] {dagbag.py:508} INFO - Filling up the DagBag from /home/debian/datapipelines/airflow/dags/leroy_ecoomerce_dag.py
[2022-09-05T22:09:05.446-0300] {processor.py:650} INFO - DAG(s) dict_keys(['leroy_prices']) retrieved from /home/debian/datapipelines/airflow/dags/leroy_ecoomerce_dag.py
[2022-09-05T22:09:05.460-0300] {logging_mixin.py:115} INFO - [2022-09-05T22:09:05.460-0300] {dag.py:2429} INFO - Sync 1 DAGs
[2022-09-05T22:09:05.483-0300] {logging_mixin.py:115} INFO - [2022-09-05T22:09:05.483-0300] {dag.py:2977} INFO - Setting next_dagrun for leroy_prices to 2022-09-06T00:48:41.808159+00:00, run_after=2022-09-07T00:48:41.808159+00:00
[2022-09-05T22:09:05.501-0300] {processor.py:161} INFO - Processing /home/debian/datapipelines/airflow/dags/leroy_ecoomerce_dag.py took 0.093 seconds
[2022-09-05T22:09:40.754-0300] {processor.py:153} INFO - Started process (PID=12280) to work on /home/debian/datapipelines/airflow/dags/leroy_ecoomerce_dag.py
[2022-09-05T22:09:40.755-0300] {processor.py:640} INFO - Processing file /home/debian/datapipelines/airflow/dags/leroy_ecoomerce_dag.py for tasks to queue
[2022-09-05T22:09:40.756-0300] {logging_mixin.py:115} INFO - [2022-09-05T22:09:40.756-0300] {dagbag.py:508} INFO - Filling up the DagBag from /home/debian/datapipelines/airflow/dags/leroy_ecoomerce_dag.py
[2022-09-05T22:09:40.787-0300] {processor.py:650} INFO - DAG(s) dict_keys(['leroy_prices']) retrieved from /home/debian/datapipelines/airflow/dags/leroy_ecoomerce_dag.py
[2022-09-05T22:09:40.798-0300] {logging_mixin.py:115} INFO - [2022-09-05T22:09:40.798-0300] {dag.py:2429} INFO - Sync 1 DAGs
[2022-09-05T22:09:40.809-0300] {logging_mixin.py:115} INFO - [2022-09-05T22:09:40.809-0300] {dag.py:2977} INFO - Setting next_dagrun for leroy_prices to 2022-09-06T00:48:41.808159+00:00, run_after=2022-09-07T00:48:41.808159+00:00
[2022-09-05T22:09:40.821-0300] {processor.py:161} INFO - Processing /home/debian/datapipelines/airflow/dags/leroy_ecoomerce_dag.py took 0.069 seconds
[2022-09-05T22:10:13.039-0300] {processor.py:153} INFO - Started process (PID=12362) to work on /home/debian/datapipelines/airflow/dags/leroy_ecoomerce_dag.py
[2022-09-05T22:10:13.041-0300] {processor.py:640} INFO - Processing file /home/debian/datapipelines/airflow/dags/leroy_ecoomerce_dag.py for tasks to queue
[2022-09-05T22:10:13.041-0300] {logging_mixin.py:115} INFO - [2022-09-05T22:10:13.041-0300] {dagbag.py:508} INFO - Filling up the DagBag from /home/debian/datapipelines/airflow/dags/leroy_ecoomerce_dag.py
[2022-09-05T22:10:13.086-0300] {processor.py:650} INFO - DAG(s) dict_keys(['leroy_prices']) retrieved from /home/debian/datapipelines/airflow/dags/leroy_ecoomerce_dag.py
[2022-09-05T22:10:13.104-0300] {logging_mixin.py:115} INFO - [2022-09-05T22:10:13.103-0300] {dag.py:2429} INFO - Sync 1 DAGs
[2022-09-05T22:10:13.127-0300] {logging_mixin.py:115} INFO - [2022-09-05T22:10:13.127-0300] {dag.py:2977} INFO - Setting next_dagrun for leroy_prices to 2022-09-06T00:48:41.808159+00:00, run_after=2022-09-07T00:48:41.808159+00:00
[2022-09-05T22:10:13.199-0300] {processor.py:161} INFO - Processing /home/debian/datapipelines/airflow/dags/leroy_ecoomerce_dag.py took 0.162 seconds
[2022-09-05T22:10:44.322-0300] {processor.py:153} INFO - Started process (PID=12415) to work on /home/debian/datapipelines/airflow/dags/leroy_ecoomerce_dag.py
[2022-09-05T22:10:44.323-0300] {processor.py:640} INFO - Processing file /home/debian/datapipelines/airflow/dags/leroy_ecoomerce_dag.py for tasks to queue
[2022-09-05T22:10:44.324-0300] {logging_mixin.py:115} INFO - [2022-09-05T22:10:44.324-0300] {dagbag.py:508} INFO - Filling up the DagBag from /home/debian/datapipelines/airflow/dags/leroy_ecoomerce_dag.py
[2022-09-05T22:10:44.369-0300] {processor.py:650} INFO - DAG(s) dict_keys(['leroy_prices']) retrieved from /home/debian/datapipelines/airflow/dags/leroy_ecoomerce_dag.py
[2022-09-05T22:10:44.385-0300] {logging_mixin.py:115} INFO - [2022-09-05T22:10:44.385-0300] {dag.py:2429} INFO - Sync 1 DAGs
[2022-09-05T22:10:44.403-0300] {logging_mixin.py:115} INFO - [2022-09-05T22:10:44.402-0300] {dag.py:2977} INFO - Setting next_dagrun for leroy_prices to 2022-09-06T00:48:41.808159+00:00, run_after=2022-09-07T00:48:41.808159+00:00
[2022-09-05T22:10:44.416-0300] {processor.py:161} INFO - Processing /home/debian/datapipelines/airflow/dags/leroy_ecoomerce_dag.py took 0.097 seconds
[2022-09-05T22:11:17.318-0300] {processor.py:153} INFO - Started process (PID=12488) to work on /home/debian/datapipelines/airflow/dags/leroy_ecoomerce_dag.py
[2022-09-05T22:11:17.318-0300] {processor.py:640} INFO - Processing file /home/debian/datapipelines/airflow/dags/leroy_ecoomerce_dag.py for tasks to queue
[2022-09-05T22:11:17.319-0300] {logging_mixin.py:115} INFO - [2022-09-05T22:11:17.319-0300] {dagbag.py:508} INFO - Filling up the DagBag from /home/debian/datapipelines/airflow/dags/leroy_ecoomerce_dag.py
[2022-09-05T22:11:17.350-0300] {processor.py:650} INFO - DAG(s) dict_keys(['leroy_prices']) retrieved from /home/debian/datapipelines/airflow/dags/leroy_ecoomerce_dag.py
[2022-09-05T22:11:17.362-0300] {logging_mixin.py:115} INFO - [2022-09-05T22:11:17.362-0300] {dag.py:2429} INFO - Sync 1 DAGs
[2022-09-05T22:11:17.373-0300] {logging_mixin.py:115} INFO - [2022-09-05T22:11:17.373-0300] {dag.py:2977} INFO - Setting next_dagrun for leroy_prices to 2022-09-06T00:48:41.808159+00:00, run_after=2022-09-07T00:48:41.808159+00:00
[2022-09-05T22:11:17.383-0300] {processor.py:161} INFO - Processing /home/debian/datapipelines/airflow/dags/leroy_ecoomerce_dag.py took 0.068 seconds
[2022-09-05T22:11:50.052-0300] {processor.py:153} INFO - Started process (PID=12573) to work on /home/debian/datapipelines/airflow/dags/leroy_ecoomerce_dag.py
[2022-09-05T22:11:50.148-0300] {processor.py:640} INFO - Processing file /home/debian/datapipelines/airflow/dags/leroy_ecoomerce_dag.py for tasks to queue
[2022-09-05T22:11:50.149-0300] {logging_mixin.py:115} INFO - [2022-09-05T22:11:50.149-0300] {dagbag.py:508} INFO - Filling up the DagBag from /home/debian/datapipelines/airflow/dags/leroy_ecoomerce_dag.py
[2022-09-05T22:11:50.179-0300] {processor.py:650} INFO - DAG(s) dict_keys(['leroy_prices']) retrieved from /home/debian/datapipelines/airflow/dags/leroy_ecoomerce_dag.py
[2022-09-05T22:11:50.189-0300] {logging_mixin.py:115} INFO - [2022-09-05T22:11:50.189-0300] {dag.py:2429} INFO - Sync 1 DAGs
[2022-09-05T22:11:50.202-0300] {logging_mixin.py:115} INFO - [2022-09-05T22:11:50.202-0300] {dag.py:2977} INFO - Setting next_dagrun for leroy_prices to 2022-09-06T00:48:41.808159+00:00, run_after=2022-09-07T00:48:41.808159+00:00
[2022-09-05T22:11:50.227-0300] {processor.py:161} INFO - Processing /home/debian/datapipelines/airflow/dags/leroy_ecoomerce_dag.py took 0.178 seconds
[2022-09-05T22:12:22.831-0300] {processor.py:153} INFO - Started process (PID=12687) to work on /home/debian/datapipelines/airflow/dags/leroy_ecoomerce_dag.py
[2022-09-05T22:12:22.834-0300] {processor.py:640} INFO - Processing file /home/debian/datapipelines/airflow/dags/leroy_ecoomerce_dag.py for tasks to queue
[2022-09-05T22:12:22.835-0300] {logging_mixin.py:115} INFO - [2022-09-05T22:12:22.835-0300] {dagbag.py:508} INFO - Filling up the DagBag from /home/debian/datapipelines/airflow/dags/leroy_ecoomerce_dag.py
[2022-09-05T22:12:22.883-0300] {processor.py:650} INFO - DAG(s) dict_keys(['leroy_prices']) retrieved from /home/debian/datapipelines/airflow/dags/leroy_ecoomerce_dag.py
[2022-09-05T22:12:22.900-0300] {logging_mixin.py:115} INFO - [2022-09-05T22:12:22.899-0300] {dag.py:2429} INFO - Sync 1 DAGs
[2022-09-05T22:12:22.916-0300] {logging_mixin.py:115} INFO - [2022-09-05T22:12:22.916-0300] {dag.py:2977} INFO - Setting next_dagrun for leroy_prices to 2022-09-06T00:48:41.808159+00:00, run_after=2022-09-07T00:48:41.808159+00:00
[2022-09-05T22:12:22.933-0300] {processor.py:161} INFO - Processing /home/debian/datapipelines/airflow/dags/leroy_ecoomerce_dag.py took 0.106 seconds
[2022-09-05T22:12:55.444-0300] {processor.py:153} INFO - Started process (PID=12749) to work on /home/debian/datapipelines/airflow/dags/leroy_ecoomerce_dag.py
[2022-09-05T22:12:55.445-0300] {processor.py:640} INFO - Processing file /home/debian/datapipelines/airflow/dags/leroy_ecoomerce_dag.py for tasks to queue
[2022-09-05T22:12:55.445-0300] {logging_mixin.py:115} INFO - [2022-09-05T22:12:55.445-0300] {dagbag.py:508} INFO - Filling up the DagBag from /home/debian/datapipelines/airflow/dags/leroy_ecoomerce_dag.py
[2022-09-05T22:12:55.484-0300] {processor.py:650} INFO - DAG(s) dict_keys(['leroy_prices']) retrieved from /home/debian/datapipelines/airflow/dags/leroy_ecoomerce_dag.py
[2022-09-05T22:12:55.498-0300] {logging_mixin.py:115} INFO - [2022-09-05T22:12:55.498-0300] {dag.py:2429} INFO - Sync 1 DAGs
[2022-09-05T22:12:55.516-0300] {logging_mixin.py:115} INFO - [2022-09-05T22:12:55.516-0300] {dag.py:2977} INFO - Setting next_dagrun for leroy_prices to 2022-09-06T00:48:41.808159+00:00, run_after=2022-09-07T00:48:41.808159+00:00
[2022-09-05T22:12:55.551-0300] {processor.py:161} INFO - Processing /home/debian/datapipelines/airflow/dags/leroy_ecoomerce_dag.py took 0.109 seconds
[2022-09-05T22:13:28.808-0300] {processor.py:153} INFO - Started process (PID=12794) to work on /home/debian/datapipelines/airflow/dags/leroy_ecoomerce_dag.py
[2022-09-05T22:13:28.809-0300] {processor.py:640} INFO - Processing file /home/debian/datapipelines/airflow/dags/leroy_ecoomerce_dag.py for tasks to queue
[2022-09-05T22:13:28.810-0300] {logging_mixin.py:115} INFO - [2022-09-05T22:13:28.810-0300] {dagbag.py:508} INFO - Filling up the DagBag from /home/debian/datapipelines/airflow/dags/leroy_ecoomerce_dag.py
[2022-09-05T22:13:28.842-0300] {processor.py:650} INFO - DAG(s) dict_keys(['leroy_prices']) retrieved from /home/debian/datapipelines/airflow/dags/leroy_ecoomerce_dag.py
[2022-09-05T22:13:28.852-0300] {logging_mixin.py:115} INFO - [2022-09-05T22:13:28.852-0300] {dag.py:2429} INFO - Sync 1 DAGs
[2022-09-05T22:13:28.865-0300] {logging_mixin.py:115} INFO - [2022-09-05T22:13:28.864-0300] {dag.py:2977} INFO - Setting next_dagrun for leroy_prices to 2022-09-06T00:48:41.808159+00:00, run_after=2022-09-07T00:48:41.808159+00:00
[2022-09-05T22:13:28.894-0300] {processor.py:161} INFO - Processing /home/debian/datapipelines/airflow/dags/leroy_ecoomerce_dag.py took 0.088 seconds
[2022-09-05T22:14:01.934-0300] {processor.py:153} INFO - Started process (PID=12866) to work on /home/debian/datapipelines/airflow/dags/leroy_ecoomerce_dag.py
[2022-09-05T22:14:01.935-0300] {processor.py:640} INFO - Processing file /home/debian/datapipelines/airflow/dags/leroy_ecoomerce_dag.py for tasks to queue
[2022-09-05T22:14:01.935-0300] {logging_mixin.py:115} INFO - [2022-09-05T22:14:01.935-0300] {dagbag.py:508} INFO - Filling up the DagBag from /home/debian/datapipelines/airflow/dags/leroy_ecoomerce_dag.py
[2022-09-05T22:14:01.965-0300] {processor.py:650} INFO - DAG(s) dict_keys(['leroy_prices']) retrieved from /home/debian/datapipelines/airflow/dags/leroy_ecoomerce_dag.py
[2022-09-05T22:14:01.975-0300] {logging_mixin.py:115} INFO - [2022-09-05T22:14:01.975-0300] {dag.py:2429} INFO - Sync 1 DAGs
[2022-09-05T22:14:01.986-0300] {logging_mixin.py:115} INFO - [2022-09-05T22:14:01.986-0300] {dag.py:2977} INFO - Setting next_dagrun for leroy_prices to 2022-09-06T00:48:41.808159+00:00, run_after=2022-09-07T00:48:41.808159+00:00
[2022-09-05T22:14:01.999-0300] {processor.py:161} INFO - Processing /home/debian/datapipelines/airflow/dags/leroy_ecoomerce_dag.py took 0.067 seconds
[2022-09-05T22:14:36.265-0300] {processor.py:153} INFO - Started process (PID=12958) to work on /home/debian/datapipelines/airflow/dags/leroy_ecoomerce_dag.py
[2022-09-05T22:14:36.369-0300] {processor.py:640} INFO - Processing file /home/debian/datapipelines/airflow/dags/leroy_ecoomerce_dag.py for tasks to queue
[2022-09-05T22:14:36.370-0300] {logging_mixin.py:115} INFO - [2022-09-05T22:14:36.369-0300] {dagbag.py:508} INFO - Filling up the DagBag from /home/debian/datapipelines/airflow/dags/leroy_ecoomerce_dag.py
[2022-09-05T22:14:36.416-0300] {processor.py:650} INFO - DAG(s) dict_keys(['leroy_prices']) retrieved from /home/debian/datapipelines/airflow/dags/leroy_ecoomerce_dag.py
[2022-09-05T22:14:36.438-0300] {logging_mixin.py:115} INFO - [2022-09-05T22:14:36.438-0300] {dag.py:2429} INFO - Sync 1 DAGs
[2022-09-05T22:14:36.459-0300] {logging_mixin.py:115} INFO - [2022-09-05T22:14:36.459-0300] {dag.py:2977} INFO - Setting next_dagrun for leroy_prices to 2022-09-06T00:48:41.808159+00:00, run_after=2022-09-07T00:48:41.808159+00:00
[2022-09-05T22:14:36.473-0300] {processor.py:161} INFO - Processing /home/debian/datapipelines/airflow/dags/leroy_ecoomerce_dag.py took 0.212 seconds
[2022-09-05T22:15:09.818-0300] {processor.py:153} INFO - Started process (PID=13083) to work on /home/debian/datapipelines/airflow/dags/leroy_ecoomerce_dag.py
[2022-09-05T22:15:09.819-0300] {processor.py:640} INFO - Processing file /home/debian/datapipelines/airflow/dags/leroy_ecoomerce_dag.py for tasks to queue
[2022-09-05T22:15:09.819-0300] {logging_mixin.py:115} INFO - [2022-09-05T22:15:09.819-0300] {dagbag.py:508} INFO - Filling up the DagBag from /home/debian/datapipelines/airflow/dags/leroy_ecoomerce_dag.py
[2022-09-05T22:15:09.849-0300] {processor.py:650} INFO - DAG(s) dict_keys(['leroy_prices']) retrieved from /home/debian/datapipelines/airflow/dags/leroy_ecoomerce_dag.py
[2022-09-05T22:15:09.866-0300] {logging_mixin.py:115} INFO - [2022-09-05T22:15:09.866-0300] {dag.py:2429} INFO - Sync 1 DAGs
[2022-09-05T22:15:09.879-0300] {logging_mixin.py:115} INFO - [2022-09-05T22:15:09.879-0300] {dag.py:2977} INFO - Setting next_dagrun for leroy_prices to 2022-09-06T00:48:41.808159+00:00, run_after=2022-09-07T00:48:41.808159+00:00
[2022-09-05T22:15:09.987-0300] {processor.py:161} INFO - Processing /home/debian/datapipelines/airflow/dags/leroy_ecoomerce_dag.py took 0.171 seconds
[2022-09-05T22:15:44.095-0300] {processor.py:153} INFO - Started process (PID=13255) to work on /home/debian/datapipelines/airflow/dags/leroy_ecoomerce_dag.py
[2022-09-05T22:15:44.096-0300] {processor.py:640} INFO - Processing file /home/debian/datapipelines/airflow/dags/leroy_ecoomerce_dag.py for tasks to queue
[2022-09-05T22:15:44.096-0300] {logging_mixin.py:115} INFO - [2022-09-05T22:15:44.096-0300] {dagbag.py:508} INFO - Filling up the DagBag from /home/debian/datapipelines/airflow/dags/leroy_ecoomerce_dag.py
[2022-09-05T22:15:44.128-0300] {processor.py:650} INFO - DAG(s) dict_keys(['leroy_prices']) retrieved from /home/debian/datapipelines/airflow/dags/leroy_ecoomerce_dag.py
[2022-09-05T22:15:44.142-0300] {logging_mixin.py:115} INFO - [2022-09-05T22:15:44.142-0300] {dag.py:2429} INFO - Sync 1 DAGs
[2022-09-05T22:15:44.156-0300] {logging_mixin.py:115} INFO - [2022-09-05T22:15:44.156-0300] {dag.py:2977} INFO - Setting next_dagrun for leroy_prices to 2022-09-06T00:48:41.808159+00:00, run_after=2022-09-07T00:48:41.808159+00:00
[2022-09-05T22:15:44.168-0300] {processor.py:161} INFO - Processing /home/debian/datapipelines/airflow/dags/leroy_ecoomerce_dag.py took 0.076 seconds
[2022-09-05T22:16:18.420-0300] {processor.py:153} INFO - Started process (PID=13351) to work on /home/debian/datapipelines/airflow/dags/leroy_ecoomerce_dag.py
[2022-09-05T22:16:18.421-0300] {processor.py:640} INFO - Processing file /home/debian/datapipelines/airflow/dags/leroy_ecoomerce_dag.py for tasks to queue
[2022-09-05T22:16:18.422-0300] {logging_mixin.py:115} INFO - [2022-09-05T22:16:18.421-0300] {dagbag.py:508} INFO - Filling up the DagBag from /home/debian/datapipelines/airflow/dags/leroy_ecoomerce_dag.py
[2022-09-05T22:16:18.459-0300] {processor.py:650} INFO - DAG(s) dict_keys(['leroy_prices']) retrieved from /home/debian/datapipelines/airflow/dags/leroy_ecoomerce_dag.py
[2022-09-05T22:16:18.474-0300] {logging_mixin.py:115} INFO - [2022-09-05T22:16:18.474-0300] {dag.py:2429} INFO - Sync 1 DAGs
[2022-09-05T22:16:18.491-0300] {logging_mixin.py:115} INFO - [2022-09-05T22:16:18.491-0300] {dag.py:2977} INFO - Setting next_dagrun for leroy_prices to 2022-09-06T00:48:41.808159+00:00, run_after=2022-09-07T00:48:41.808159+00:00
[2022-09-05T22:16:18.521-0300] {processor.py:161} INFO - Processing /home/debian/datapipelines/airflow/dags/leroy_ecoomerce_dag.py took 0.104 seconds
[2022-09-05T22:16:50.237-0300] {processor.py:153} INFO - Started process (PID=13499) to work on /home/debian/datapipelines/airflow/dags/leroy_ecoomerce_dag.py
[2022-09-05T22:16:50.238-0300] {processor.py:640} INFO - Processing file /home/debian/datapipelines/airflow/dags/leroy_ecoomerce_dag.py for tasks to queue
[2022-09-05T22:16:50.239-0300] {logging_mixin.py:115} INFO - [2022-09-05T22:16:50.238-0300] {dagbag.py:508} INFO - Filling up the DagBag from /home/debian/datapipelines/airflow/dags/leroy_ecoomerce_dag.py
[2022-09-05T22:16:50.278-0300] {processor.py:650} INFO - DAG(s) dict_keys(['leroy_prices']) retrieved from /home/debian/datapipelines/airflow/dags/leroy_ecoomerce_dag.py
[2022-09-05T22:16:50.289-0300] {logging_mixin.py:115} INFO - [2022-09-05T22:16:50.289-0300] {dag.py:2429} INFO - Sync 1 DAGs
[2022-09-05T22:16:50.305-0300] {logging_mixin.py:115} INFO - [2022-09-05T22:16:50.305-0300] {dag.py:2977} INFO - Setting next_dagrun for leroy_prices to 2022-09-06T00:48:41.808159+00:00, run_after=2022-09-07T00:48:41.808159+00:00
[2022-09-05T22:16:50.315-0300] {processor.py:161} INFO - Processing /home/debian/datapipelines/airflow/dags/leroy_ecoomerce_dag.py took 0.084 seconds
[2022-09-05T22:17:23.583-0300] {processor.py:153} INFO - Started process (PID=13582) to work on /home/debian/datapipelines/airflow/dags/leroy_ecoomerce_dag.py
[2022-09-05T22:17:23.594-0300] {processor.py:640} INFO - Processing file /home/debian/datapipelines/airflow/dags/leroy_ecoomerce_dag.py for tasks to queue
[2022-09-05T22:17:23.594-0300] {logging_mixin.py:115} INFO - [2022-09-05T22:17:23.594-0300] {dagbag.py:508} INFO - Filling up the DagBag from /home/debian/datapipelines/airflow/dags/leroy_ecoomerce_dag.py
[2022-09-05T22:17:23.625-0300] {processor.py:650} INFO - DAG(s) dict_keys(['leroy_prices']) retrieved from /home/debian/datapipelines/airflow/dags/leroy_ecoomerce_dag.py
[2022-09-05T22:17:23.636-0300] {logging_mixin.py:115} INFO - [2022-09-05T22:17:23.636-0300] {dag.py:2429} INFO - Sync 1 DAGs
[2022-09-05T22:17:23.651-0300] {logging_mixin.py:115} INFO - [2022-09-05T22:17:23.651-0300] {dag.py:2977} INFO - Setting next_dagrun for leroy_prices to 2022-09-06T00:48:41.808159+00:00, run_after=2022-09-07T00:48:41.808159+00:00
[2022-09-05T22:17:23.662-0300] {processor.py:161} INFO - Processing /home/debian/datapipelines/airflow/dags/leroy_ecoomerce_dag.py took 0.081 seconds
[2022-09-05T22:17:59.036-0300] {processor.py:153} INFO - Started process (PID=13688) to work on /home/debian/datapipelines/airflow/dags/leroy_ecoomerce_dag.py
[2022-09-05T22:17:59.037-0300] {processor.py:640} INFO - Processing file /home/debian/datapipelines/airflow/dags/leroy_ecoomerce_dag.py for tasks to queue
[2022-09-05T22:17:59.037-0300] {logging_mixin.py:115} INFO - [2022-09-05T22:17:59.037-0300] {dagbag.py:508} INFO - Filling up the DagBag from /home/debian/datapipelines/airflow/dags/leroy_ecoomerce_dag.py
[2022-09-05T22:17:59.075-0300] {processor.py:650} INFO - DAG(s) dict_keys(['leroy_prices']) retrieved from /home/debian/datapipelines/airflow/dags/leroy_ecoomerce_dag.py
[2022-09-05T22:17:59.089-0300] {logging_mixin.py:115} INFO - [2022-09-05T22:17:59.089-0300] {dag.py:2429} INFO - Sync 1 DAGs
[2022-09-05T22:17:59.105-0300] {logging_mixin.py:115} INFO - [2022-09-05T22:17:59.105-0300] {dag.py:2977} INFO - Setting next_dagrun for leroy_prices to 2022-09-06T00:48:41.808159+00:00, run_after=2022-09-07T00:48:41.808159+00:00
[2022-09-05T22:17:59.118-0300] {processor.py:161} INFO - Processing /home/debian/datapipelines/airflow/dags/leroy_ecoomerce_dag.py took 0.084 seconds
[2022-09-05T22:18:34.933-0300] {processor.py:153} INFO - Started process (PID=13774) to work on /home/debian/datapipelines/airflow/dags/leroy_ecoomerce_dag.py
[2022-09-05T22:18:34.933-0300] {processor.py:640} INFO - Processing file /home/debian/datapipelines/airflow/dags/leroy_ecoomerce_dag.py for tasks to queue
[2022-09-05T22:18:34.934-0300] {logging_mixin.py:115} INFO - [2022-09-05T22:18:34.934-0300] {dagbag.py:508} INFO - Filling up the DagBag from /home/debian/datapipelines/airflow/dags/leroy_ecoomerce_dag.py
[2022-09-05T22:18:34.969-0300] {processor.py:650} INFO - DAG(s) dict_keys(['leroy_prices']) retrieved from /home/debian/datapipelines/airflow/dags/leroy_ecoomerce_dag.py
[2022-09-05T22:18:34.980-0300] {logging_mixin.py:115} INFO - [2022-09-05T22:18:34.980-0300] {dag.py:2429} INFO - Sync 1 DAGs
[2022-09-05T22:18:34.996-0300] {logging_mixin.py:115} INFO - [2022-09-05T22:18:34.996-0300] {dag.py:2977} INFO - Setting next_dagrun for leroy_prices to 2022-09-06T00:48:41.808159+00:00, run_after=2022-09-07T00:48:41.808159+00:00
[2022-09-05T22:18:35.010-0300] {processor.py:161} INFO - Processing /home/debian/datapipelines/airflow/dags/leroy_ecoomerce_dag.py took 0.080 seconds
[2022-09-05T22:19:12.513-0300] {processor.py:153} INFO - Started process (PID=13818) to work on /home/debian/datapipelines/airflow/dags/leroy_ecoomerce_dag.py
[2022-09-05T22:19:12.615-0300] {processor.py:640} INFO - Processing file /home/debian/datapipelines/airflow/dags/leroy_ecoomerce_dag.py for tasks to queue
[2022-09-05T22:19:12.615-0300] {logging_mixin.py:115} INFO - [2022-09-05T22:19:12.615-0300] {dagbag.py:508} INFO - Filling up the DagBag from /home/debian/datapipelines/airflow/dags/leroy_ecoomerce_dag.py
[2022-09-05T22:19:12.655-0300] {processor.py:650} INFO - DAG(s) dict_keys(['leroy_prices']) retrieved from /home/debian/datapipelines/airflow/dags/leroy_ecoomerce_dag.py
[2022-09-05T22:19:12.670-0300] {logging_mixin.py:115} INFO - [2022-09-05T22:19:12.670-0300] {dag.py:2429} INFO - Sync 1 DAGs
[2022-09-05T22:19:12.688-0300] {logging_mixin.py:115} INFO - [2022-09-05T22:19:12.688-0300] {dag.py:2977} INFO - Setting next_dagrun for leroy_prices to 2022-09-06T00:48:41.808159+00:00, run_after=2022-09-07T00:48:41.808159+00:00
[2022-09-05T22:19:12.701-0300] {processor.py:161} INFO - Processing /home/debian/datapipelines/airflow/dags/leroy_ecoomerce_dag.py took 0.190 seconds
[2022-09-05T22:19:45.888-0300] {processor.py:153} INFO - Started process (PID=13930) to work on /home/debian/datapipelines/airflow/dags/leroy_ecoomerce_dag.py
[2022-09-05T22:19:45.901-0300] {processor.py:640} INFO - Processing file /home/debian/datapipelines/airflow/dags/leroy_ecoomerce_dag.py for tasks to queue
[2022-09-05T22:19:45.902-0300] {logging_mixin.py:115} INFO - [2022-09-05T22:19:45.901-0300] {dagbag.py:508} INFO - Filling up the DagBag from /home/debian/datapipelines/airflow/dags/leroy_ecoomerce_dag.py
[2022-09-05T22:19:45.931-0300] {processor.py:650} INFO - DAG(s) dict_keys(['leroy_prices']) retrieved from /home/debian/datapipelines/airflow/dags/leroy_ecoomerce_dag.py
[2022-09-05T22:19:45.941-0300] {logging_mixin.py:115} INFO - [2022-09-05T22:19:45.941-0300] {dag.py:2429} INFO - Sync 1 DAGs
[2022-09-05T22:19:45.953-0300] {logging_mixin.py:115} INFO - [2022-09-05T22:19:45.953-0300] {dag.py:2977} INFO - Setting next_dagrun for leroy_prices to 2022-09-06T00:48:41.808159+00:00, run_after=2022-09-07T00:48:41.808159+00:00
[2022-09-05T22:19:45.965-0300] {processor.py:161} INFO - Processing /home/debian/datapipelines/airflow/dags/leroy_ecoomerce_dag.py took 0.079 seconds
[2022-09-05T22:20:28.364-0300] {processor.py:153} INFO - Started process (PID=14123) to work on /home/debian/datapipelines/airflow/dags/leroy_ecoomerce_dag.py
[2022-09-05T22:20:28.463-0300] {processor.py:640} INFO - Processing file /home/debian/datapipelines/airflow/dags/leroy_ecoomerce_dag.py for tasks to queue
[2022-09-05T22:20:28.464-0300] {logging_mixin.py:115} INFO - [2022-09-05T22:20:28.464-0300] {dagbag.py:508} INFO - Filling up the DagBag from /home/debian/datapipelines/airflow/dags/leroy_ecoomerce_dag.py
[2022-09-05T22:20:28.506-0300] {processor.py:650} INFO - DAG(s) dict_keys(['leroy_prices']) retrieved from /home/debian/datapipelines/airflow/dags/leroy_ecoomerce_dag.py
[2022-09-05T22:20:28.523-0300] {logging_mixin.py:115} INFO - [2022-09-05T22:20:28.522-0300] {dag.py:2429} INFO - Sync 1 DAGs
[2022-09-05T22:20:28.543-0300] {logging_mixin.py:115} INFO - [2022-09-05T22:20:28.543-0300] {dag.py:2977} INFO - Setting next_dagrun for leroy_prices to 2022-09-06T00:48:41.808159+00:00, run_after=2022-09-07T00:48:41.808159+00:00
[2022-09-05T22:20:28.577-0300] {processor.py:161} INFO - Processing /home/debian/datapipelines/airflow/dags/leroy_ecoomerce_dag.py took 0.216 seconds
[2022-09-05T22:21:05.429-0300] {processor.py:153} INFO - Started process (PID=14169) to work on /home/debian/datapipelines/airflow/dags/leroy_ecoomerce_dag.py
[2022-09-05T22:21:05.430-0300] {processor.py:640} INFO - Processing file /home/debian/datapipelines/airflow/dags/leroy_ecoomerce_dag.py for tasks to queue
[2022-09-05T22:21:05.431-0300] {logging_mixin.py:115} INFO - [2022-09-05T22:21:05.431-0300] {dagbag.py:508} INFO - Filling up the DagBag from /home/debian/datapipelines/airflow/dags/leroy_ecoomerce_dag.py
[2022-09-05T22:21:05.467-0300] {processor.py:650} INFO - DAG(s) dict_keys(['leroy_prices']) retrieved from /home/debian/datapipelines/airflow/dags/leroy_ecoomerce_dag.py
[2022-09-05T22:21:05.483-0300] {logging_mixin.py:115} INFO - [2022-09-05T22:21:05.483-0300] {dag.py:2429} INFO - Sync 1 DAGs
[2022-09-05T22:21:05.501-0300] {logging_mixin.py:115} INFO - [2022-09-05T22:21:05.501-0300] {dag.py:2977} INFO - Setting next_dagrun for leroy_prices to 2022-09-06T00:48:41.808159+00:00, run_after=2022-09-07T00:48:41.808159+00:00
[2022-09-05T22:21:05.616-0300] {processor.py:161} INFO - Processing /home/debian/datapipelines/airflow/dags/leroy_ecoomerce_dag.py took 0.189 seconds
[2022-09-05T22:21:46.042-0300] {processor.py:153} INFO - Started process (PID=14219) to work on /home/debian/datapipelines/airflow/dags/leroy_ecoomerce_dag.py
[2022-09-05T22:21:46.043-0300] {processor.py:640} INFO - Processing file /home/debian/datapipelines/airflow/dags/leroy_ecoomerce_dag.py for tasks to queue
[2022-09-05T22:21:46.044-0300] {logging_mixin.py:115} INFO - [2022-09-05T22:21:46.043-0300] {dagbag.py:508} INFO - Filling up the DagBag from /home/debian/datapipelines/airflow/dags/leroy_ecoomerce_dag.py
[2022-09-05T22:21:46.085-0300] {processor.py:650} INFO - DAG(s) dict_keys(['leroy_prices']) retrieved from /home/debian/datapipelines/airflow/dags/leroy_ecoomerce_dag.py
[2022-09-05T22:21:46.103-0300] {logging_mixin.py:115} INFO - [2022-09-05T22:21:46.102-0300] {dag.py:2429} INFO - Sync 1 DAGs
[2022-09-05T22:21:46.125-0300] {logging_mixin.py:115} INFO - [2022-09-05T22:21:46.124-0300] {dag.py:2977} INFO - Setting next_dagrun for leroy_prices to 2022-09-06T00:48:41.808159+00:00, run_after=2022-09-07T00:48:41.808159+00:00
[2022-09-05T22:21:46.256-0300] {processor.py:161} INFO - Processing /home/debian/datapipelines/airflow/dags/leroy_ecoomerce_dag.py took 0.218 seconds
[2022-09-05T22:22:20.658-0300] {processor.py:153} INFO - Started process (PID=14262) to work on /home/debian/datapipelines/airflow/dags/leroy_ecoomerce_dag.py
[2022-09-05T22:22:20.659-0300] {processor.py:640} INFO - Processing file /home/debian/datapipelines/airflow/dags/leroy_ecoomerce_dag.py for tasks to queue
[2022-09-05T22:22:20.660-0300] {logging_mixin.py:115} INFO - [2022-09-05T22:22:20.659-0300] {dagbag.py:508} INFO - Filling up the DagBag from /home/debian/datapipelines/airflow/dags/leroy_ecoomerce_dag.py
[2022-09-05T22:22:20.698-0300] {processor.py:650} INFO - DAG(s) dict_keys(['leroy_prices']) retrieved from /home/debian/datapipelines/airflow/dags/leroy_ecoomerce_dag.py
[2022-09-05T22:22:20.713-0300] {logging_mixin.py:115} INFO - [2022-09-05T22:22:20.713-0300] {dag.py:2429} INFO - Sync 1 DAGs
[2022-09-05T22:22:20.729-0300] {logging_mixin.py:115} INFO - [2022-09-05T22:22:20.729-0300] {dag.py:2977} INFO - Setting next_dagrun for leroy_prices to 2022-09-06T00:48:41.808159+00:00, run_after=2022-09-07T00:48:41.808159+00:00
[2022-09-05T22:22:20.751-0300] {processor.py:161} INFO - Processing /home/debian/datapipelines/airflow/dags/leroy_ecoomerce_dag.py took 0.096 seconds
[2022-09-05T22:22:53.309-0300] {processor.py:153} INFO - Started process (PID=14300) to work on /home/debian/datapipelines/airflow/dags/leroy_ecoomerce_dag.py
[2022-09-05T22:22:53.310-0300] {processor.py:640} INFO - Processing file /home/debian/datapipelines/airflow/dags/leroy_ecoomerce_dag.py for tasks to queue
[2022-09-05T22:22:53.310-0300] {logging_mixin.py:115} INFO - [2022-09-05T22:22:53.310-0300] {dagbag.py:508} INFO - Filling up the DagBag from /home/debian/datapipelines/airflow/dags/leroy_ecoomerce_dag.py
[2022-09-05T22:22:53.359-0300] {processor.py:650} INFO - DAG(s) dict_keys(['leroy_prices']) retrieved from /home/debian/datapipelines/airflow/dags/leroy_ecoomerce_dag.py
[2022-09-05T22:22:53.370-0300] {logging_mixin.py:115} INFO - [2022-09-05T22:22:53.370-0300] {dag.py:2429} INFO - Sync 1 DAGs
[2022-09-05T22:22:53.385-0300] {logging_mixin.py:115} INFO - [2022-09-05T22:22:53.384-0300] {dag.py:2977} INFO - Setting next_dagrun for leroy_prices to 2022-09-06T00:48:41.808159+00:00, run_after=2022-09-07T00:48:41.808159+00:00
[2022-09-05T22:22:53.396-0300] {processor.py:161} INFO - Processing /home/debian/datapipelines/airflow/dags/leroy_ecoomerce_dag.py took 0.090 seconds
[2022-09-05T22:23:30.050-0300] {processor.py:153} INFO - Started process (PID=14345) to work on /home/debian/datapipelines/airflow/dags/leroy_ecoomerce_dag.py
[2022-09-05T22:23:30.051-0300] {processor.py:640} INFO - Processing file /home/debian/datapipelines/airflow/dags/leroy_ecoomerce_dag.py for tasks to queue
[2022-09-05T22:23:30.052-0300] {logging_mixin.py:115} INFO - [2022-09-05T22:23:30.051-0300] {dagbag.py:508} INFO - Filling up the DagBag from /home/debian/datapipelines/airflow/dags/leroy_ecoomerce_dag.py
[2022-09-05T22:23:30.087-0300] {processor.py:650} INFO - DAG(s) dict_keys(['leroy_prices']) retrieved from /home/debian/datapipelines/airflow/dags/leroy_ecoomerce_dag.py
[2022-09-05T22:23:30.100-0300] {logging_mixin.py:115} INFO - [2022-09-05T22:23:30.099-0300] {dag.py:2429} INFO - Sync 1 DAGs
[2022-09-05T22:23:30.116-0300] {logging_mixin.py:115} INFO - [2022-09-05T22:23:30.116-0300] {dag.py:2977} INFO - Setting next_dagrun for leroy_prices to 2022-09-06T00:48:41.808159+00:00, run_after=2022-09-07T00:48:41.808159+00:00
[2022-09-05T22:23:30.232-0300] {processor.py:161} INFO - Processing /home/debian/datapipelines/airflow/dags/leroy_ecoomerce_dag.py took 0.184 seconds
[2022-09-05T22:24:09.401-0300] {processor.py:153} INFO - Started process (PID=14392) to work on /home/debian/datapipelines/airflow/dags/leroy_ecoomerce_dag.py
[2022-09-05T22:24:09.402-0300] {processor.py:640} INFO - Processing file /home/debian/datapipelines/airflow/dags/leroy_ecoomerce_dag.py for tasks to queue
[2022-09-05T22:24:09.402-0300] {logging_mixin.py:115} INFO - [2022-09-05T22:24:09.402-0300] {dagbag.py:508} INFO - Filling up the DagBag from /home/debian/datapipelines/airflow/dags/leroy_ecoomerce_dag.py
[2022-09-05T22:24:09.437-0300] {processor.py:650} INFO - DAG(s) dict_keys(['leroy_prices']) retrieved from /home/debian/datapipelines/airflow/dags/leroy_ecoomerce_dag.py
[2022-09-05T22:24:09.447-0300] {logging_mixin.py:115} INFO - [2022-09-05T22:24:09.446-0300] {dag.py:2429} INFO - Sync 1 DAGs
[2022-09-05T22:24:09.458-0300] {logging_mixin.py:115} INFO - [2022-09-05T22:24:09.458-0300] {dag.py:2977} INFO - Setting next_dagrun for leroy_prices to 2022-09-06T00:48:41.808159+00:00, run_after=2022-09-07T00:48:41.808159+00:00
[2022-09-05T22:24:09.469-0300] {processor.py:161} INFO - Processing /home/debian/datapipelines/airflow/dags/leroy_ecoomerce_dag.py took 0.070 seconds
[2022-09-05T22:24:45.454-0300] {processor.py:153} INFO - Started process (PID=14434) to work on /home/debian/datapipelines/airflow/dags/leroy_ecoomerce_dag.py
[2022-09-05T22:24:45.455-0300] {processor.py:640} INFO - Processing file /home/debian/datapipelines/airflow/dags/leroy_ecoomerce_dag.py for tasks to queue
[2022-09-05T22:24:45.455-0300] {logging_mixin.py:115} INFO - [2022-09-05T22:24:45.455-0300] {dagbag.py:508} INFO - Filling up the DagBag from /home/debian/datapipelines/airflow/dags/leroy_ecoomerce_dag.py
[2022-09-05T22:24:45.491-0300] {processor.py:650} INFO - DAG(s) dict_keys(['leroy_prices']) retrieved from /home/debian/datapipelines/airflow/dags/leroy_ecoomerce_dag.py
[2022-09-05T22:24:45.502-0300] {logging_mixin.py:115} INFO - [2022-09-05T22:24:45.502-0300] {dag.py:2429} INFO - Sync 1 DAGs
[2022-09-05T22:24:45.516-0300] {logging_mixin.py:115} INFO - [2022-09-05T22:24:45.516-0300] {dag.py:2977} INFO - Setting next_dagrun for leroy_prices to 2022-09-06T00:48:41.808159+00:00, run_after=2022-09-07T00:48:41.808159+00:00
[2022-09-05T22:24:45.538-0300] {processor.py:161} INFO - Processing /home/debian/datapipelines/airflow/dags/leroy_ecoomerce_dag.py took 0.086 seconds
[2022-09-05T22:25:26.766-0300] {processor.py:153} INFO - Started process (PID=14486) to work on /home/debian/datapipelines/airflow/dags/leroy_ecoomerce_dag.py
[2022-09-05T22:25:26.767-0300] {processor.py:640} INFO - Processing file /home/debian/datapipelines/airflow/dags/leroy_ecoomerce_dag.py for tasks to queue
[2022-09-05T22:25:26.768-0300] {logging_mixin.py:115} INFO - [2022-09-05T22:25:26.767-0300] {dagbag.py:508} INFO - Filling up the DagBag from /home/debian/datapipelines/airflow/dags/leroy_ecoomerce_dag.py
[2022-09-05T22:25:26.799-0300] {processor.py:650} INFO - DAG(s) dict_keys(['leroy_prices']) retrieved from /home/debian/datapipelines/airflow/dags/leroy_ecoomerce_dag.py
[2022-09-05T22:25:26.809-0300] {logging_mixin.py:115} INFO - [2022-09-05T22:25:26.809-0300] {dag.py:2429} INFO - Sync 1 DAGs
[2022-09-05T22:25:26.822-0300] {logging_mixin.py:115} INFO - [2022-09-05T22:25:26.822-0300] {dag.py:2977} INFO - Setting next_dagrun for leroy_prices to 2022-09-06T00:48:41.808159+00:00, run_after=2022-09-07T00:48:41.808159+00:00
[2022-09-05T22:25:26.842-0300] {processor.py:161} INFO - Processing /home/debian/datapipelines/airflow/dags/leroy_ecoomerce_dag.py took 0.078 seconds
[2022-09-05T22:25:58.656-0300] {processor.py:153} INFO - Started process (PID=14522) to work on /home/debian/datapipelines/airflow/dags/leroy_ecoomerce_dag.py
[2022-09-05T22:25:58.767-0300] {processor.py:640} INFO - Processing file /home/debian/datapipelines/airflow/dags/leroy_ecoomerce_dag.py for tasks to queue
[2022-09-05T22:25:58.767-0300] {logging_mixin.py:115} INFO - [2022-09-05T22:25:58.767-0300] {dagbag.py:508} INFO - Filling up the DagBag from /home/debian/datapipelines/airflow/dags/leroy_ecoomerce_dag.py
[2022-09-05T22:25:58.800-0300] {processor.py:650} INFO - DAG(s) dict_keys(['leroy_prices']) retrieved from /home/debian/datapipelines/airflow/dags/leroy_ecoomerce_dag.py
[2022-09-05T22:25:58.814-0300] {logging_mixin.py:115} INFO - [2022-09-05T22:25:58.814-0300] {dag.py:2429} INFO - Sync 1 DAGs
[2022-09-05T22:25:58.826-0300] {logging_mixin.py:115} INFO - [2022-09-05T22:25:58.826-0300] {dag.py:2977} INFO - Setting next_dagrun for leroy_prices to 2022-09-06T00:48:41.808159+00:00, run_after=2022-09-07T00:48:41.808159+00:00
[2022-09-05T22:25:58.839-0300] {processor.py:161} INFO - Processing /home/debian/datapipelines/airflow/dags/leroy_ecoomerce_dag.py took 0.185 seconds
[2022-09-05T22:26:37.658-0300] {processor.py:153} INFO - Started process (PID=14575) to work on /home/debian/datapipelines/airflow/dags/leroy_ecoomerce_dag.py
[2022-09-05T22:26:37.659-0300] {processor.py:640} INFO - Processing file /home/debian/datapipelines/airflow/dags/leroy_ecoomerce_dag.py for tasks to queue
[2022-09-05T22:26:37.660-0300] {logging_mixin.py:115} INFO - [2022-09-05T22:26:37.660-0300] {dagbag.py:508} INFO - Filling up the DagBag from /home/debian/datapipelines/airflow/dags/leroy_ecoomerce_dag.py
[2022-09-05T22:26:37.689-0300] {processor.py:650} INFO - DAG(s) dict_keys(['leroy_prices']) retrieved from /home/debian/datapipelines/airflow/dags/leroy_ecoomerce_dag.py
[2022-09-05T22:26:37.699-0300] {logging_mixin.py:115} INFO - [2022-09-05T22:26:37.699-0300] {dag.py:2429} INFO - Sync 1 DAGs
[2022-09-05T22:26:37.711-0300] {logging_mixin.py:115} INFO - [2022-09-05T22:26:37.711-0300] {dag.py:2977} INFO - Setting next_dagrun for leroy_prices to 2022-09-06T00:48:41.808159+00:00, run_after=2022-09-07T00:48:41.808159+00:00
[2022-09-05T22:26:37.721-0300] {processor.py:161} INFO - Processing /home/debian/datapipelines/airflow/dags/leroy_ecoomerce_dag.py took 0.064 seconds
[2022-09-05T22:27:11.794-0300] {processor.py:153} INFO - Started process (PID=14837) to work on /home/debian/datapipelines/airflow/dags/leroy_ecoomerce_dag.py
[2022-09-05T22:27:11.796-0300] {processor.py:640} INFO - Processing file /home/debian/datapipelines/airflow/dags/leroy_ecoomerce_dag.py for tasks to queue
[2022-09-05T22:27:11.796-0300] {logging_mixin.py:115} INFO - [2022-09-05T22:27:11.796-0300] {dagbag.py:508} INFO - Filling up the DagBag from /home/debian/datapipelines/airflow/dags/leroy_ecoomerce_dag.py
[2022-09-05T22:27:11.846-0300] {processor.py:650} INFO - DAG(s) dict_keys(['leroy_prices']) retrieved from /home/debian/datapipelines/airflow/dags/leroy_ecoomerce_dag.py
[2022-09-05T22:27:11.860-0300] {logging_mixin.py:115} INFO - [2022-09-05T22:27:11.860-0300] {dag.py:2429} INFO - Sync 1 DAGs
[2022-09-05T22:27:11.877-0300] {logging_mixin.py:115} INFO - [2022-09-05T22:27:11.876-0300] {dag.py:2977} INFO - Setting next_dagrun for leroy_prices to 2022-09-06T00:48:41.808159+00:00, run_after=2022-09-07T00:48:41.808159+00:00
[2022-09-05T22:27:11.891-0300] {processor.py:161} INFO - Processing /home/debian/datapipelines/airflow/dags/leroy_ecoomerce_dag.py took 0.099 seconds
[2022-09-05T22:27:49.689-0300] {processor.py:153} INFO - Started process (PID=14883) to work on /home/debian/datapipelines/airflow/dags/leroy_ecoomerce_dag.py
[2022-09-05T22:27:49.707-0300] {processor.py:640} INFO - Processing file /home/debian/datapipelines/airflow/dags/leroy_ecoomerce_dag.py for tasks to queue
[2022-09-05T22:27:49.708-0300] {logging_mixin.py:115} INFO - [2022-09-05T22:27:49.707-0300] {dagbag.py:508} INFO - Filling up the DagBag from /home/debian/datapipelines/airflow/dags/leroy_ecoomerce_dag.py
[2022-09-05T22:27:49.739-0300] {processor.py:650} INFO - DAG(s) dict_keys(['leroy_prices']) retrieved from /home/debian/datapipelines/airflow/dags/leroy_ecoomerce_dag.py
[2022-09-05T22:27:49.749-0300] {logging_mixin.py:115} INFO - [2022-09-05T22:27:49.749-0300] {dag.py:2429} INFO - Sync 1 DAGs
[2022-09-05T22:27:49.761-0300] {logging_mixin.py:115} INFO - [2022-09-05T22:27:49.761-0300] {dag.py:2977} INFO - Setting next_dagrun for leroy_prices to 2022-09-06T00:48:41.808159+00:00, run_after=2022-09-07T00:48:41.808159+00:00
[2022-09-05T22:27:49.778-0300] {processor.py:161} INFO - Processing /home/debian/datapipelines/airflow/dags/leroy_ecoomerce_dag.py took 0.091 seconds
[2022-09-05T22:28:27.675-0300] {processor.py:153} INFO - Started process (PID=14930) to work on /home/debian/datapipelines/airflow/dags/leroy_ecoomerce_dag.py
[2022-09-05T22:28:27.677-0300] {processor.py:640} INFO - Processing file /home/debian/datapipelines/airflow/dags/leroy_ecoomerce_dag.py for tasks to queue
[2022-09-05T22:28:27.678-0300] {logging_mixin.py:115} INFO - [2022-09-05T22:28:27.678-0300] {dagbag.py:508} INFO - Filling up the DagBag from /home/debian/datapipelines/airflow/dags/leroy_ecoomerce_dag.py
[2022-09-05T22:28:27.736-0300] {processor.py:650} INFO - DAG(s) dict_keys(['leroy_prices']) retrieved from /home/debian/datapipelines/airflow/dags/leroy_ecoomerce_dag.py
[2022-09-05T22:28:27.748-0300] {logging_mixin.py:115} INFO - [2022-09-05T22:28:27.748-0300] {dag.py:2429} INFO - Sync 1 DAGs
[2022-09-05T22:28:27.760-0300] {logging_mixin.py:115} INFO - [2022-09-05T22:28:27.760-0300] {dag.py:2977} INFO - Setting next_dagrun for leroy_prices to 2022-09-06T00:48:41.808159+00:00, run_after=2022-09-07T00:48:41.808159+00:00
[2022-09-05T22:28:27.866-0300] {processor.py:161} INFO - Processing /home/debian/datapipelines/airflow/dags/leroy_ecoomerce_dag.py took 0.199 seconds
[2022-09-05T22:29:06.081-0300] {processor.py:153} INFO - Started process (PID=14978) to work on /home/debian/datapipelines/airflow/dags/leroy_ecoomerce_dag.py
[2022-09-05T22:29:06.081-0300] {processor.py:640} INFO - Processing file /home/debian/datapipelines/airflow/dags/leroy_ecoomerce_dag.py for tasks to queue
[2022-09-05T22:29:06.082-0300] {logging_mixin.py:115} INFO - [2022-09-05T22:29:06.082-0300] {dagbag.py:508} INFO - Filling up the DagBag from /home/debian/datapipelines/airflow/dags/leroy_ecoomerce_dag.py
[2022-09-05T22:29:06.115-0300] {processor.py:650} INFO - DAG(s) dict_keys(['leroy_prices']) retrieved from /home/debian/datapipelines/airflow/dags/leroy_ecoomerce_dag.py
[2022-09-05T22:29:06.127-0300] {logging_mixin.py:115} INFO - [2022-09-05T22:29:06.127-0300] {dag.py:2429} INFO - Sync 1 DAGs
[2022-09-05T22:29:06.142-0300] {logging_mixin.py:115} INFO - [2022-09-05T22:29:06.142-0300] {dag.py:2977} INFO - Setting next_dagrun for leroy_prices to 2022-09-06T00:48:41.808159+00:00, run_after=2022-09-07T00:48:41.808159+00:00
[2022-09-05T22:29:06.157-0300] {processor.py:161} INFO - Processing /home/debian/datapipelines/airflow/dags/leroy_ecoomerce_dag.py took 0.078 seconds
[2022-09-05T22:29:40.163-0300] {processor.py:153} INFO - Started process (PID=15021) to work on /home/debian/datapipelines/airflow/dags/leroy_ecoomerce_dag.py
[2022-09-05T22:29:40.164-0300] {processor.py:640} INFO - Processing file /home/debian/datapipelines/airflow/dags/leroy_ecoomerce_dag.py for tasks to queue
[2022-09-05T22:29:40.164-0300] {logging_mixin.py:115} INFO - [2022-09-05T22:29:40.164-0300] {dagbag.py:508} INFO - Filling up the DagBag from /home/debian/datapipelines/airflow/dags/leroy_ecoomerce_dag.py
[2022-09-05T22:29:40.202-0300] {processor.py:650} INFO - DAG(s) dict_keys(['leroy_prices']) retrieved from /home/debian/datapipelines/airflow/dags/leroy_ecoomerce_dag.py
[2022-09-05T22:29:40.214-0300] {logging_mixin.py:115} INFO - [2022-09-05T22:29:40.214-0300] {dag.py:2429} INFO - Sync 1 DAGs
[2022-09-05T22:29:40.228-0300] {logging_mixin.py:115} INFO - [2022-09-05T22:29:40.228-0300] {dag.py:2977} INFO - Setting next_dagrun for leroy_prices to 2022-09-06T00:48:41.808159+00:00, run_after=2022-09-07T00:48:41.808159+00:00
[2022-09-05T22:29:40.351-0300] {processor.py:161} INFO - Processing /home/debian/datapipelines/airflow/dags/leroy_ecoomerce_dag.py took 0.191 seconds
[2022-09-05T22:30:13.847-0300] {processor.py:153} INFO - Started process (PID=15065) to work on /home/debian/datapipelines/airflow/dags/leroy_ecoomerce_dag.py
[2022-09-05T22:30:13.848-0300] {processor.py:640} INFO - Processing file /home/debian/datapipelines/airflow/dags/leroy_ecoomerce_dag.py for tasks to queue
[2022-09-05T22:30:13.848-0300] {logging_mixin.py:115} INFO - [2022-09-05T22:30:13.848-0300] {dagbag.py:508} INFO - Filling up the DagBag from /home/debian/datapipelines/airflow/dags/leroy_ecoomerce_dag.py
[2022-09-05T22:30:13.880-0300] {processor.py:650} INFO - DAG(s) dict_keys(['leroy_prices']) retrieved from /home/debian/datapipelines/airflow/dags/leroy_ecoomerce_dag.py
[2022-09-05T22:30:13.892-0300] {logging_mixin.py:115} INFO - [2022-09-05T22:30:13.892-0300] {dag.py:2429} INFO - Sync 1 DAGs
[2022-09-05T22:30:13.907-0300] {logging_mixin.py:115} INFO - [2022-09-05T22:30:13.907-0300] {dag.py:2977} INFO - Setting next_dagrun for leroy_prices to 2022-09-06T00:48:41.808159+00:00, run_after=2022-09-07T00:48:41.808159+00:00
[2022-09-05T22:30:13.936-0300] {processor.py:161} INFO - Processing /home/debian/datapipelines/airflow/dags/leroy_ecoomerce_dag.py took 0.091 seconds
[2022-09-05T22:30:48.511-0300] {processor.py:153} INFO - Started process (PID=15114) to work on /home/debian/datapipelines/airflow/dags/leroy_ecoomerce_dag.py
[2022-09-05T22:30:48.512-0300] {processor.py:640} INFO - Processing file /home/debian/datapipelines/airflow/dags/leroy_ecoomerce_dag.py for tasks to queue
[2022-09-05T22:30:48.513-0300] {logging_mixin.py:115} INFO - [2022-09-05T22:30:48.513-0300] {dagbag.py:508} INFO - Filling up the DagBag from /home/debian/datapipelines/airflow/dags/leroy_ecoomerce_dag.py
[2022-09-05T22:30:48.547-0300] {processor.py:650} INFO - DAG(s) dict_keys(['leroy_prices']) retrieved from /home/debian/datapipelines/airflow/dags/leroy_ecoomerce_dag.py
[2022-09-05T22:30:48.557-0300] {logging_mixin.py:115} INFO - [2022-09-05T22:30:48.557-0300] {dag.py:2429} INFO - Sync 1 DAGs
[2022-09-05T22:30:48.572-0300] {logging_mixin.py:115} INFO - [2022-09-05T22:30:48.572-0300] {dag.py:2977} INFO - Setting next_dagrun for leroy_prices to 2022-09-06T00:48:41.808159+00:00, run_after=2022-09-07T00:48:41.808159+00:00
[2022-09-05T22:30:48.584-0300] {processor.py:161} INFO - Processing /home/debian/datapipelines/airflow/dags/leroy_ecoomerce_dag.py took 0.076 seconds
[2022-09-05T22:31:29.695-0300] {processor.py:153} INFO - Started process (PID=15160) to work on /home/debian/datapipelines/airflow/dags/leroy_ecoomerce_dag.py
[2022-09-05T22:31:29.696-0300] {processor.py:640} INFO - Processing file /home/debian/datapipelines/airflow/dags/leroy_ecoomerce_dag.py for tasks to queue
[2022-09-05T22:31:29.697-0300] {logging_mixin.py:115} INFO - [2022-09-05T22:31:29.697-0300] {dagbag.py:508} INFO - Filling up the DagBag from /home/debian/datapipelines/airflow/dags/leroy_ecoomerce_dag.py
[2022-09-05T22:31:29.732-0300] {processor.py:650} INFO - DAG(s) dict_keys(['leroy_prices']) retrieved from /home/debian/datapipelines/airflow/dags/leroy_ecoomerce_dag.py
[2022-09-05T22:31:29.742-0300] {logging_mixin.py:115} INFO - [2022-09-05T22:31:29.742-0300] {dag.py:2429} INFO - Sync 1 DAGs
[2022-09-05T22:31:29.756-0300] {logging_mixin.py:115} INFO - [2022-09-05T22:31:29.756-0300] {dag.py:2977} INFO - Setting next_dagrun for leroy_prices to 2022-09-06T00:48:41.808159+00:00, run_after=2022-09-07T00:48:41.808159+00:00
[2022-09-05T22:31:29.871-0300] {processor.py:161} INFO - Processing /home/debian/datapipelines/airflow/dags/leroy_ecoomerce_dag.py took 0.178 seconds
[2022-09-05T22:32:11.602-0300] {processor.py:153} INFO - Started process (PID=15356) to work on /home/debian/datapipelines/airflow/dags/leroy_ecoomerce_dag.py
[2022-09-05T22:32:11.614-0300] {processor.py:640} INFO - Processing file /home/debian/datapipelines/airflow/dags/leroy_ecoomerce_dag.py for tasks to queue
[2022-09-05T22:32:11.615-0300] {logging_mixin.py:115} INFO - [2022-09-05T22:32:11.615-0300] {dagbag.py:508} INFO - Filling up the DagBag from /home/debian/datapipelines/airflow/dags/leroy_ecoomerce_dag.py
[2022-09-05T22:32:11.663-0300] {processor.py:650} INFO - DAG(s) dict_keys(['leroy_prices']) retrieved from /home/debian/datapipelines/airflow/dags/leroy_ecoomerce_dag.py
[2022-09-05T22:32:11.680-0300] {logging_mixin.py:115} INFO - [2022-09-05T22:32:11.680-0300] {dag.py:2429} INFO - Sync 1 DAGs
[2022-09-05T22:32:11.699-0300] {logging_mixin.py:115} INFO - [2022-09-05T22:32:11.699-0300] {dag.py:2977} INFO - Setting next_dagrun for leroy_prices to 2022-09-06T00:48:41.808159+00:00, run_after=2022-09-07T00:48:41.808159+00:00
[2022-09-05T22:32:11.715-0300] {processor.py:161} INFO - Processing /home/debian/datapipelines/airflow/dags/leroy_ecoomerce_dag.py took 0.115 seconds
[2022-09-05T22:32:56.682-0300] {processor.py:153} INFO - Started process (PID=15572) to work on /home/debian/datapipelines/airflow/dags/leroy_ecoomerce_dag.py
[2022-09-05T22:32:56.687-0300] {processor.py:640} INFO - Processing file /home/debian/datapipelines/airflow/dags/leroy_ecoomerce_dag.py for tasks to queue
[2022-09-05T22:32:56.687-0300] {logging_mixin.py:115} INFO - [2022-09-05T22:32:56.687-0300] {dagbag.py:508} INFO - Filling up the DagBag from /home/debian/datapipelines/airflow/dags/leroy_ecoomerce_dag.py
[2022-09-05T22:32:56.718-0300] {processor.py:650} INFO - DAG(s) dict_keys(['leroy_prices']) retrieved from /home/debian/datapipelines/airflow/dags/leroy_ecoomerce_dag.py
[2022-09-05T22:32:56.729-0300] {logging_mixin.py:115} INFO - [2022-09-05T22:32:56.729-0300] {dag.py:2429} INFO - Sync 1 DAGs
[2022-09-05T22:32:56.742-0300] {logging_mixin.py:115} INFO - [2022-09-05T22:32:56.742-0300] {dag.py:2977} INFO - Setting next_dagrun for leroy_prices to 2022-09-06T00:48:41.808159+00:00, run_after=2022-09-07T00:48:41.808159+00:00
[2022-09-05T22:32:56.753-0300] {processor.py:161} INFO - Processing /home/debian/datapipelines/airflow/dags/leroy_ecoomerce_dag.py took 0.073 seconds
[2022-09-05T22:33:34.861-0300] {processor.py:153} INFO - Started process (PID=15795) to work on /home/debian/datapipelines/airflow/dags/leroy_ecoomerce_dag.py
[2022-09-05T22:33:34.862-0300] {processor.py:640} INFO - Processing file /home/debian/datapipelines/airflow/dags/leroy_ecoomerce_dag.py for tasks to queue
[2022-09-05T22:33:34.863-0300] {logging_mixin.py:115} INFO - [2022-09-05T22:33:34.862-0300] {dagbag.py:508} INFO - Filling up the DagBag from /home/debian/datapipelines/airflow/dags/leroy_ecoomerce_dag.py
[2022-09-05T22:33:34.907-0300] {processor.py:650} INFO - DAG(s) dict_keys(['leroy_prices']) retrieved from /home/debian/datapipelines/airflow/dags/leroy_ecoomerce_dag.py
[2022-09-05T22:33:34.921-0300] {logging_mixin.py:115} INFO - [2022-09-05T22:33:34.921-0300] {dag.py:2429} INFO - Sync 1 DAGs
[2022-09-05T22:33:34.938-0300] {logging_mixin.py:115} INFO - [2022-09-05T22:33:34.938-0300] {dag.py:2977} INFO - Setting next_dagrun for leroy_prices to 2022-09-06T00:48:41.808159+00:00, run_after=2022-09-07T00:48:41.808159+00:00
[2022-09-05T22:33:34.974-0300] {processor.py:161} INFO - Processing /home/debian/datapipelines/airflow/dags/leroy_ecoomerce_dag.py took 0.116 seconds
