[2022-09-05T21:51:32.572-0300] {taskinstance.py:1171} INFO - Dependencies all met for <TaskInstance: insert_dw.insert_dw scheduled__2022-09-05T00:51:14.399630+00:00 [queued]>
[2022-09-05T21:51:32.578-0300] {taskinstance.py:1171} INFO - Dependencies all met for <TaskInstance: insert_dw.insert_dw scheduled__2022-09-05T00:51:14.399630+00:00 [queued]>
[2022-09-05T21:51:32.579-0300] {taskinstance.py:1368} INFO - 
--------------------------------------------------------------------------------
[2022-09-05T21:51:32.579-0300] {taskinstance.py:1369} INFO - Starting attempt 1 of 1
[2022-09-05T21:51:32.579-0300] {taskinstance.py:1370} INFO - 
--------------------------------------------------------------------------------
[2022-09-05T21:51:32.594-0300] {taskinstance.py:1389} INFO - Executing <Task(PythonOperator): insert_dw> on 2022-09-05 00:51:14.399630+00:00
[2022-09-05T21:51:32.597-0300] {standard_task_runner.py:52} INFO - Started process 9462 to run task
[2022-09-05T21:51:32.599-0300] {standard_task_runner.py:79} INFO - Running: ['airflow', 'tasks', 'run', 'insert_dw', 'insert_dw', 'scheduled__2022-09-05T00:51:14.399630+00:00', '--job-id', '8', '--raw', '--subdir', 'DAGS_FOLDER/dw_dag.py', '--cfg-path', '/tmp/tmpfyphnqp2', '--error-file', '/tmp/tmpmlgtnwtp']
[2022-09-05T21:51:32.600-0300] {standard_task_runner.py:80} INFO - Job 8: Subtask insert_dw
[2022-09-05T21:51:32.658-0300] {task_command.py:371} INFO - Running <TaskInstance: insert_dw.insert_dw scheduled__2022-09-05T00:51:14.399630+00:00 [running]> on host debian
[2022-09-05T21:51:32.721-0300] {taskinstance.py:1581} INFO - Exporting the following env vars:
AIRFLOW_CTX_DAG_OWNER=airflow
AIRFLOW_CTX_DAG_ID=insert_dw
AIRFLOW_CTX_TASK_ID=insert_dw
AIRFLOW_CTX_EXECUTION_DATE=2022-09-05T00:51:14.399630+00:00
AIRFLOW_CTX_TRY_NUMBER=1
AIRFLOW_CTX_DAG_RUN_ID=scheduled__2022-09-05T00:51:14.399630+00:00
[2022-09-05T21:51:32.726-0300] {python.py:173} INFO - Done. Returned value was: None
[2022-09-05T21:51:32.731-0300] {taskinstance.py:1407} INFO - Marking task as SUCCESS. dag_id=insert_dw, task_id=insert_dw, execution_date=20220905T005114, start_date=20220906T005132, end_date=20220906T005132
[2022-09-05T21:51:32.776-0300] {local_task_job.py:156} INFO - Task exited with return code 0
[2022-09-05T21:51:32.787-0300] {local_task_job.py:279} INFO - 0 downstream tasks scheduled from follow-on schedule check
