[2022-09-05T21:49:10.788-0300] {taskinstance.py:1171} INFO - Dependencies all met for <TaskInstance: leroy_prices.leroy scheduled__2022-09-05T00:48:41.808159+00:00 [queued]>
[2022-09-05T21:49:10.792-0300] {taskinstance.py:1171} INFO - Dependencies all met for <TaskInstance: leroy_prices.leroy scheduled__2022-09-05T00:48:41.808159+00:00 [queued]>
[2022-09-05T21:49:10.792-0300] {taskinstance.py:1368} INFO - 
--------------------------------------------------------------------------------
[2022-09-05T21:49:10.792-0300] {taskinstance.py:1369} INFO - Starting attempt 1 of 1
[2022-09-05T21:49:10.792-0300] {taskinstance.py:1370} INFO - 
--------------------------------------------------------------------------------
[2022-09-05T21:49:10.802-0300] {taskinstance.py:1389} INFO - Executing <Task(PythonOperator): leroy> on 2022-09-05 00:48:41.808159+00:00
[2022-09-05T21:49:10.804-0300] {standard_task_runner.py:52} INFO - Started process 9191 to run task
[2022-09-05T21:49:10.806-0300] {standard_task_runner.py:79} INFO - Running: ['airflow', 'tasks', 'run', 'leroy_prices', 'leroy', 'scheduled__2022-09-05T00:48:41.808159+00:00', '--job-id', '4', '--raw', '--subdir', 'DAGS_FOLDER/leroy_ecoomerce_dag.py', '--cfg-path', '/tmp/tmp6wj6autz', '--error-file', '/tmp/tmpsgqo4hh6']
[2022-09-05T21:49:10.807-0300] {standard_task_runner.py:80} INFO - Job 4: Subtask leroy
[2022-09-05T21:49:10.841-0300] {task_command.py:371} INFO - Running <TaskInstance: leroy_prices.leroy scheduled__2022-09-05T00:48:41.808159+00:00 [running]> on host debian
[2022-09-05T21:49:10.908-0300] {taskinstance.py:1581} INFO - Exporting the following env vars:
AIRFLOW_CTX_DAG_OWNER=airflow
AIRFLOW_CTX_DAG_ID=leroy_prices
AIRFLOW_CTX_TASK_ID=leroy
AIRFLOW_CTX_EXECUTION_DATE=2022-09-05T00:48:41.808159+00:00
AIRFLOW_CTX_TRY_NUMBER=1
AIRFLOW_CTX_DAG_RUN_ID=scheduled__2022-09-05T00:48:41.808159+00:00
[2022-09-05T21:49:10.909-0300] {python.py:173} INFO - Done. Returned value was: None
[2022-09-05T21:49:10.913-0300] {taskinstance.py:1407} INFO - Marking task as SUCCESS. dag_id=leroy_prices, task_id=leroy, execution_date=20220905T004841, start_date=20220906T004910, end_date=20220906T004910
[2022-09-05T21:49:10.980-0300] {local_task_job.py:156} INFO - Task exited with return code 0
[2022-09-05T21:49:10.994-0300] {local_task_job.py:279} INFO - 0 downstream tasks scheduled from follow-on schedule check
