[2022-09-05T21:49:02.459-0300] {taskinstance.py:1171} INFO - Dependencies all met for <TaskInstance: google_shopping.google scheduled__2022-09-05T00:48:48.377417+00:00 [queued]>
[2022-09-05T21:49:02.532-0300] {taskinstance.py:1171} INFO - Dependencies all met for <TaskInstance: google_shopping.google scheduled__2022-09-05T00:48:48.377417+00:00 [queued]>
[2022-09-05T21:49:02.533-0300] {taskinstance.py:1368} INFO - 
--------------------------------------------------------------------------------
[2022-09-05T21:49:02.533-0300] {taskinstance.py:1369} INFO - Starting attempt 1 of 1
[2022-09-05T21:49:02.533-0300] {taskinstance.py:1370} INFO - 
--------------------------------------------------------------------------------
[2022-09-05T21:49:02.553-0300] {taskinstance.py:1389} INFO - Executing <Task(PythonOperator): google> on 2022-09-05 00:48:48.377417+00:00
[2022-09-05T21:49:02.556-0300] {standard_task_runner.py:52} INFO - Started process 9175 to run task
[2022-09-05T21:49:02.565-0300] {standard_task_runner.py:79} INFO - Running: ['airflow', 'tasks', 'run', 'google_shopping', 'google', 'scheduled__2022-09-05T00:48:48.377417+00:00', '--job-id', '3', '--raw', '--subdir', 'DAGS_FOLDER/google_shopping_dag.py', '--cfg-path', '/tmp/tmp6_u2riay', '--error-file', '/tmp/tmpdwwopjqu']
[2022-09-05T21:49:02.566-0300] {standard_task_runner.py:80} INFO - Job 3: Subtask google
[2022-09-05T21:49:02.646-0300] {task_command.py:371} INFO - Running <TaskInstance: google_shopping.google scheduled__2022-09-05T00:48:48.377417+00:00 [running]> on host debian
[2022-09-05T21:49:02.717-0300] {taskinstance.py:1581} INFO - Exporting the following env vars:
AIRFLOW_CTX_DAG_OWNER=airflow
AIRFLOW_CTX_DAG_ID=google_shopping
AIRFLOW_CTX_TASK_ID=google
AIRFLOW_CTX_EXECUTION_DATE=2022-09-05T00:48:48.377417+00:00
AIRFLOW_CTX_TRY_NUMBER=1
AIRFLOW_CTX_DAG_RUN_ID=scheduled__2022-09-05T00:48:48.377417+00:00
[2022-09-05T21:49:02.718-0300] {python.py:173} INFO - Done. Returned value was: None
[2022-09-05T21:49:02.729-0300] {taskinstance.py:1407} INFO - Marking task as SUCCESS. dag_id=google_shopping, task_id=google, execution_date=20220905T004848, start_date=20220906T004902, end_date=20220906T004902
[2022-09-05T21:49:02.745-0300] {local_task_job.py:156} INFO - Task exited with return code 0
[2022-09-05T21:49:02.766-0300] {local_task_job.py:279} INFO - 0 downstream tasks scheduled from follow-on schedule check
