[2022-09-05T21:49:23.490-0300] {taskinstance.py:1171} INFO - Dependencies all met for <TaskInstance: madeira_prices.madeira scheduled__2022-09-05T00:49:12.546957+00:00 [queued]>
[2022-09-05T21:49:23.502-0300] {taskinstance.py:1171} INFO - Dependencies all met for <TaskInstance: madeira_prices.madeira scheduled__2022-09-05T00:49:12.546957+00:00 [queued]>
[2022-09-05T21:49:23.502-0300] {taskinstance.py:1368} INFO - 
--------------------------------------------------------------------------------
[2022-09-05T21:49:23.503-0300] {taskinstance.py:1369} INFO - Starting attempt 1 of 1
[2022-09-05T21:49:23.503-0300] {taskinstance.py:1370} INFO - 
--------------------------------------------------------------------------------
[2022-09-05T21:49:23.598-0300] {taskinstance.py:1389} INFO - Executing <Task(PythonOperator): madeira> on 2022-09-05 00:49:12.546957+00:00
[2022-09-05T21:49:23.600-0300] {standard_task_runner.py:52} INFO - Started process 9211 to run task
[2022-09-05T21:49:23.609-0300] {standard_task_runner.py:79} INFO - Running: ['airflow', 'tasks', 'run', 'madeira_prices', 'madeira', 'scheduled__2022-09-05T00:49:12.546957+00:00', '--job-id', '5', '--raw', '--subdir', 'DAGS_FOLDER/madeira_ecommerce_dag.py', '--cfg-path', '/tmp/tmpdj6d_mv1', '--error-file', '/tmp/tmpecaftfmn']
[2022-09-05T21:49:23.612-0300] {standard_task_runner.py:80} INFO - Job 5: Subtask madeira
[2022-09-05T21:49:23.733-0300] {task_command.py:371} INFO - Running <TaskInstance: madeira_prices.madeira scheduled__2022-09-05T00:49:12.546957+00:00 [running]> on host debian
[2022-09-05T21:49:23.833-0300] {taskinstance.py:1581} INFO - Exporting the following env vars:
AIRFLOW_CTX_DAG_OWNER=airflow
AIRFLOW_CTX_DAG_ID=madeira_prices
AIRFLOW_CTX_TASK_ID=madeira
AIRFLOW_CTX_EXECUTION_DATE=2022-09-05T00:49:12.546957+00:00
AIRFLOW_CTX_TRY_NUMBER=1
AIRFLOW_CTX_DAG_RUN_ID=scheduled__2022-09-05T00:49:12.546957+00:00
[2022-09-05T21:49:23.836-0300] {python.py:173} INFO - Done. Returned value was: None
[2022-09-05T21:49:23.841-0300] {taskinstance.py:1407} INFO - Marking task as SUCCESS. dag_id=madeira_prices, task_id=madeira, execution_date=20220905T004912, start_date=20220906T004923, end_date=20220906T004923
[2022-09-05T21:49:23.879-0300] {local_task_job.py:156} INFO - Task exited with return code 0
[2022-09-05T21:49:23.904-0300] {local_task_job.py:279} INFO - 0 downstream tasks scheduled from follow-on schedule check
